[ 2016-07-16T11:20:34+08:00 ] ::1 /SmileTP/index.php
INFO: [ app_init ] --START--
INFO: Run Behavior\BuildLiteBehavior [ RunTime:0.000029s ]
INFO: [ app_init ] --END-- [ RunTime:0.003700s ]
INFO: [ app_begin ] --START--
INFO: Run Behavior\ReadHtmlCacheBehavior [ RunTime:0.003175s ]
INFO: [ app_begin ] --END-- [ RunTime:0.003329s ]
INFO: [ view_parse ] --START--
INFO: [ template_filter ] --START--
INFO: Run Behavior\ContentReplaceBehavior [ RunTime:0.001700s ]
INFO: [ template_filter ] --END-- [ RunTime:0.001863s ]
INFO: Run Behavior\ParseTemplateBehavior [ RunTime:0.024600s ]
INFO: [ view_parse ] --END-- [ RunTime:0.024749s ]
INFO: [ view_filter ] --START--
INFO: Run Behavior\WriteHtmlCacheBehavior [ RunTime:0.001766s ]
INFO: [ view_filter ] --END-- [ RunTime:0.001876s ]
INFO: [ app_end ] --START--
INFO: Run Behavior\ShowPageTraceBehavior [ RunTime:0.002797s ]
INFO: [ app_end ] --END-- [ RunTime:0.002920s ]

[ 2016-07-16T12:12:46+08:00 ] ::1 /SmileTP/index.php
INFO: [ app_init ] --START--
INFO: Run Behavior\BuildLiteBehavior [ RunTime:0.000034s ]
INFO: [ app_init ] --END-- [ RunTime:0.001166s ]
INFO: [ app_begin ] --START--
INFO: Run Behavior\ReadHtmlCacheBehavior [ RunTime:0.002950s ]
INFO: [ app_begin ] --END-- [ RunTime:0.003157s ]
INFO: [ app_end ] --START--
INFO: Run Behavior\ShowPageTraceBehavior [ RunTime:0.002622s ]
INFO: [ app_end ] --END-- [ RunTime:0.002814s ]

[ 2016-07-16T15:41:21+08:00 ] ::1 /SmileTP/index.php
INFO: [ app_init ] --START--
INFO: Run Behavior\BuildLiteBehavior [ RunTime:0.000017s ]
INFO: [ app_init ] --END-- [ RunTime:0.004864s ]
INFO: [ app_begin ] --START--
INFO: Run Behavior\ReadHtmlCacheBehavior [ RunTime:0.001299s ]
INFO: [ app_begin ] --END-- [ RunTime:0.001409s ]
ERR: SQLSTATE[HY000] [1045] Access denied for user 'root'@'localhost' (using password: YES)

[ 2016-07-16T15:41:43+08:00 ] ::1 /SmileTP/index.php
INFO: [ app_init ] --START--
INFO: Run Behavior\BuildLiteBehavior [ RunTime:0.000029s ]
INFO: [ app_init ] --END-- [ RunTime:0.000666s ]
INFO: [ app_begin ] --START--
INFO: Run Behavior\ReadHtmlCacheBehavior [ RunTime:0.000850s ]
INFO: [ app_begin ] --END-- [ RunTime:0.000912s ]
SQL: SHOW COLUMNS FROM `city_stats` [ RunTime:0.0085s ]
SQL: SELECT * FROM `city_stats`  [ RunTime:0.0016s ]
INFO: [ app_end ] --START--
INFO: Run Behavior\ShowPageTraceBehavior [ RunTime:0.001847s ]
INFO: [ app_end ] --END-- [ RunTime:0.001942s ]

[ 2016-07-16T15:42:50+08:00 ] ::1 /SmileTP/index.php
INFO: [ app_init ] --START--
INFO: Run Behavior\BuildLiteBehavior [ RunTime:0.000012s ]
INFO: [ app_init ] --END-- [ RunTime:0.000404s ]
INFO: [ app_begin ] --START--
INFO: Run Behavior\ReadHtmlCacheBehavior [ RunTime:0.000560s ]
INFO: [ app_begin ] --END-- [ RunTime:0.000628s ]
SQL: SHOW COLUMNS FROM `city_stats` [ RunTime:0.0029s ]
SQL: SELECT * FROM `city_stats`  [ RunTime:0.0004s ]
INFO: [ app_end ] --START--
INFO: Run Behavior\ShowPageTraceBehavior [ RunTime:0.000791s ]
INFO: [ app_end ] --END-- [ RunTime:0.000834s ]

[ 2016-07-16T15:52:59+08:00 ] ::1 /SmileTP/index.php
INFO: [ app_init ] --START--
INFO: Run Behavior\BuildLiteBehavior [ RunTime:0.000012s ]
INFO: [ app_init ] --END-- [ RunTime:0.000543s ]
INFO: [ app_begin ] --START--
INFO: Run Behavior\ReadHtmlCacheBehavior [ RunTime:0.000804s ]
INFO: [ app_begin ] --END-- [ RunTime:0.000854s ]
SQL: SHOW COLUMNS FROM `city_stats` [ RunTime:0.0029s ]
SQL: SELECT * FROM `city_stats`  [ RunTime:0.0004s ]
INFO: [ app_end ] --START--
INFO: Run Behavior\ShowPageTraceBehavior [ RunTime:0.000826s ]
INFO: [ app_end ] --END-- [ RunTime:0.000867s ]

[ 2016-07-16T15:58:01+08:00 ] ::1 /SmileTP/index.php/Home/Controller/OrderController
INFO: [ app_init ] --START--
INFO: Run Behavior\BuildLiteBehavior [ RunTime:0.000012s ]
INFO: [ app_init ] --END-- [ RunTime:0.000503s ]
INFO: [ app_begin ] --START--
INFO: Run Behavior\ReadHtmlCacheBehavior [ RunTime:0.001001s ]
INFO: [ app_begin ] --END-- [ RunTime:0.001069s ]
ERR: 无法加载控制器:Controller

[ 2016-07-16T15:58:24+08:00 ] ::1 /SmileTP/index.php/Home/OrderController
INFO: [ app_init ] --START--
INFO: Run Behavior\BuildLiteBehavior [ RunTime:0.000012s ]
INFO: [ app_init ] --END-- [ RunTime:0.000483s ]
INFO: [ app_begin ] --START--
INFO: Run Behavior\ReadHtmlCacheBehavior [ RunTime:0.000683s ]
INFO: [ app_begin ] --END-- [ RunTime:0.000724s ]
ERR: 无法加载控制器:OrderController

[ 2016-07-16T15:58:28+08:00 ] ::1 /SmileTP/index.php/Home/Order
INFO: [ app_init ] --START--
INFO: Run Behavior\BuildLiteBehavior [ RunTime:0.000012s ]
INFO: [ app_init ] --END-- [ RunTime:0.000395s ]
INFO: [ app_begin ] --START--
INFO: Run Behavior\ReadHtmlCacheBehavior [ RunTime:0.000596s ]
INFO: [ app_begin ] --END-- [ RunTime:0.000658s ]
ERR: 非法操作:index

[ 2016-07-16T15:58:48+08:00 ] ::1 /SmileTP/index.php/Home/OrderController
INFO: [ app_init ] --START--
INFO: Run Behavior\BuildLiteBehavior [ RunTime:0.000012s ]
INFO: [ app_init ] --END-- [ RunTime:0.000401s ]
INFO: [ app_begin ] --START--
INFO: Run Behavior\ReadHtmlCacheBehavior [ RunTime:0.000482s ]
INFO: [ app_begin ] --END-- [ RunTime:0.000530s ]
ERR: 无法加载控制器:OrderController

[ 2016-07-16T15:59:24+08:00 ] ::1 /SmileTP/index.php/Home/OrderController/createOrder
INFO: [ app_init ] --START--
INFO: Run Behavior\BuildLiteBehavior [ RunTime:0.000022s ]
INFO: [ app_init ] --END-- [ RunTime:0.001050s ]
INFO: [ app_begin ] --START--
INFO: Run Behavior\ReadHtmlCacheBehavior [ RunTime:0.000566s ]
INFO: [ app_begin ] --END-- [ RunTime:0.000629s ]
ERR: 无法加载控制器:OrderController

[ 2016-07-16T16:01:00+08:00 ] ::1 /SmileTP/index.php/Home/Order/createOrder
INFO: [ app_init ] --START--
INFO: Run Behavior\BuildLiteBehavior [ RunTime:0.000035s ]
INFO: [ app_init ] --END-- [ RunTime:0.001716s ]
INFO: [ app_begin ] --START--
INFO: Run Behavior\ReadHtmlCacheBehavior [ RunTime:0.002434s ]
INFO: [ app_begin ] --END-- [ RunTime:0.002615s ]
SQL: SHOW COLUMNS FROM `city_stats` [ RunTime:0.0034s ]
SQL: SELECT * FROM `city_stats`  [ RunTime:0.0013s ]
INFO: [ app_end ] --START--
INFO: Run Behavior\ShowPageTraceBehavior [ RunTime:0.002536s ]
INFO: [ app_end ] --END-- [ RunTime:0.002744s ]

[ 2016-07-16T16:01:15+08:00 ] ::1 /SmileTP/index.php/Home/Order
INFO: [ app_init ] --START--
INFO: Run Behavior\BuildLiteBehavior [ RunTime:0.000033s ]
INFO: [ app_init ] --END-- [ RunTime:0.001659s ]
INFO: [ app_begin ] --START--
INFO: Run Behavior\ReadHtmlCacheBehavior [ RunTime:0.003159s ]
INFO: [ app_begin ] --END-- [ RunTime:0.003465s ]
ERR: 非法操作:index

[ 2016-07-16T16:01:20+08:00 ] ::1 /SmileTP/index.php/Home/Order/createOrder
INFO: [ app_init ] --START--
INFO: Run Behavior\BuildLiteBehavior [ RunTime:0.000037s ]
INFO: [ app_init ] --END-- [ RunTime:0.001370s ]
INFO: [ app_begin ] --START--
INFO: Run Behavior\ReadHtmlCacheBehavior [ RunTime:0.001921s ]
INFO: [ app_begin ] --END-- [ RunTime:0.002098s ]
SQL: SHOW COLUMNS FROM `city_stats` [ RunTime:0.0037s ]
SQL: SELECT * FROM `city_stats`  [ RunTime:0.0010s ]
INFO: [ app_end ] --START--
INFO: Run Behavior\ShowPageTraceBehavior [ RunTime:0.002272s ]
INFO: [ app_end ] --END-- [ RunTime:0.002438s ]

[ 2016-07-16T16:27:45+08:00 ] ::1 /SmileTP/index.php/Home/Order/createOrder
INFO: [ app_init ] --START--
INFO: Run Behavior\BuildLiteBehavior [ RunTime:0.000035s ]
INFO: [ app_init ] --END-- [ RunTime:0.004281s ]
INFO: [ app_begin ] --START--
INFO: Run Behavior\ReadHtmlCacheBehavior [ RunTime:0.002695s ]
INFO: [ app_begin ] --END-- [ RunTime:0.002843s ]
SQL: SHOW COLUMNS FROM `city_stats` [ RunTime:0.0049s ]
ERR: 1406:Data too long for column 'stats' at row 1
 [ SQL语句 ] : INSERT INTO `city_stats` (`stats`,`tel_num`) VALUES ('1','13269339999')
ERR: 1406:Data too long for column 'stats' at row 1
 [ SQL语句 ] : INSERT INTO `city_stats` (`stats`,`tel_num`) VALUES ('1','13269339999')

[ 2016-07-16T16:28:39+08:00 ] ::1 /SmileTP/index.php/Home/Order/createOrder
INFO: [ app_init ] --START--
INFO: Run Behavior\BuildLiteBehavior [ RunTime:0.000033s ]
INFO: [ app_init ] --END-- [ RunTime:0.001362s ]
INFO: [ app_begin ] --START--
INFO: Run Behavior\ReadHtmlCacheBehavior [ RunTime:0.002517s ]
INFO: [ app_begin ] --END-- [ RunTime:0.002751s ]
SQL: SHOW COLUMNS FROM `city_stats` [ RunTime:0.0028s ]
ERR: 1406:Data too long for column 'stats' at row 1
 [ SQL语句 ] : INSERT INTO `city_stats` (`stats`,`tel_num`) VALUES ('1','13269339999')
ERR: 1406:Data too long for column 'stats' at row 1
 [ SQL语句 ] : INSERT INTO `city_stats` (`stats`,`tel_num`) VALUES ('1','13269339999')

[ 2016-07-16T16:28:51+08:00 ] ::1 /SmileTP/index.php/Home/Order/createOrder
INFO: [ app_init ] --START--
INFO: Run Behavior\BuildLiteBehavior [ RunTime:0.000048s ]
INFO: [ app_init ] --END-- [ RunTime:0.001694s ]
INFO: [ app_begin ] --START--
INFO: Run Behavior\ReadHtmlCacheBehavior [ RunTime:0.002121s ]
INFO: [ app_begin ] --END-- [ RunTime:0.002353s ]
SQL: SHOW COLUMNS FROM `city_stats` [ RunTime:0.0042s ]
ERR: 1406:Data too long for column 'stats' at row 1
 [ SQL语句 ] : INSERT INTO `city_stats` (`stats`,`tel_num`) VALUES ('1','13269339999')
ERR: 1406:Data too long for column 'stats' at row 1
 [ SQL语句 ] : INSERT INTO `city_stats` (`stats`,`tel_num`) VALUES ('1','13269339999')

[ 2016-07-16T16:30:13+08:00 ] ::1 /SmileTP/index.php/Home/Order/createOrder
INFO: [ app_init ] --START--
INFO: Run Behavior\BuildLiteBehavior [ RunTime:0.000057s ]
INFO: [ app_init ] --END-- [ RunTime:0.001954s ]
INFO: [ app_begin ] --START--
INFO: Run Behavior\ReadHtmlCacheBehavior [ RunTime:0.002732s ]
INFO: [ app_begin ] --END-- [ RunTime:0.002921s ]
SQL: SHOW COLUMNS FROM `city_stats` [ RunTime:0.0042s ]
ERR: 1406:Data too long for column 'stats' at row 1
 [ SQL语句 ] : INSERT INTO `city_stats` (`stats`,`tel_num`) VALUES ('1','13269339999')
ERR: 1406:Data too long for column 'stats' at row 1
 [ SQL语句 ] : INSERT INTO `city_stats` (`stats`,`tel_num`) VALUES ('1','13269339999')

[ 2016-07-16T16:32:31+08:00 ] ::1 /SmileTP/index.php/Home/Order/createOrder
INFO: [ app_init ] --START--
INFO: Run Behavior\BuildLiteBehavior [ RunTime:0.000033s ]
INFO: [ app_init ] --END-- [ RunTime:0.001401s ]
INFO: [ app_begin ] --START--
INFO: Run Behavior\ReadHtmlCacheBehavior [ RunTime:0.003348s ]
INFO: [ app_begin ] --END-- [ RunTime:0.003538s ]
SQL: SHOW COLUMNS FROM `city_stats` [ RunTime:0.0034s ]
ERR: 1406:Data too long for column 'stats' at row 1
 [ SQL语句 ] : INSERT INTO `city_stats` (`stats`,`tel_num`) VALUES ('1','13269339999')
ERR: 1406:Data too long for column 'stats' at row 1
 [ SQL语句 ] : INSERT INTO `city_stats` (`stats`,`tel_num`) VALUES ('1','13269339999')

[ 2016-07-16T16:33:24+08:00 ] ::1 /SmileTP/index.php/Home/Order/createOrder
INFO: [ app_init ] --START--
INFO: Run Behavior\BuildLiteBehavior [ RunTime:0.000052s ]
INFO: [ app_init ] --END-- [ RunTime:0.002341s ]
INFO: [ app_begin ] --START--
INFO: Run Behavior\ReadHtmlCacheBehavior [ RunTime:0.002566s ]
INFO: [ app_begin ] --END-- [ RunTime:0.002713s ]
SQL: SHOW COLUMNS FROM `city_stats` [ RunTime:0.0037s ]
ERR: 1406:Data too long for column 'stats' at row 1
 [ SQL语句 ] : INSERT INTO `city_stats` (`stats`,`tel_num`) VALUES ('1','13269339999')
ERR: 1406:Data too long for column 'stats' at row 1
 [ SQL语句 ] : INSERT INTO `city_stats` (`stats`,`tel_num`) VALUES ('1','13269339999')

[ 2016-07-16T16:37:45+08:00 ] ::1 /SmileTP/index.php/Home/Order/createOrder
INFO: [ app_init ] --START--
INFO: Run Behavior\BuildLiteBehavior [ RunTime:0.000034s ]
INFO: [ app_init ] --END-- [ RunTime:0.001382s ]
INFO: [ app_begin ] --START--
INFO: Run Behavior\ReadHtmlCacheBehavior [ RunTime:0.002714s ]
INFO: [ app_begin ] --END-- [ RunTime:0.002935s ]
SQL: SHOW COLUMNS FROM `city_stats` [ RunTime:0.0046s ]
ERR: 1406:Data too long for column 'stats' at row 1
 [ SQL语句 ] : INSERT INTO `city_stats` (`stats`,`tel_num`) VALUES ('1','13269339999')
ERR: 1406:Data too long for column 'stats' at row 1
 [ SQL语句 ] : INSERT INTO `city_stats` (`stats`,`tel_num`) VALUES ('1','13269339999')

[ 2016-07-16T16:38:14+08:00 ] ::1 /SmileTP/index.php/Home/Order/createOrder
INFO: [ app_init ] --START--
INFO: Run Behavior\BuildLiteBehavior [ RunTime:0.000037s ]
INFO: [ app_init ] --END-- [ RunTime:0.002846s ]
INFO: [ app_begin ] --START--
INFO: Run Behavior\ReadHtmlCacheBehavior [ RunTime:0.002338s ]
INFO: [ app_begin ] --END-- [ RunTime:0.002484s ]
SQL: SHOW COLUMNS FROM `city_stats` [ RunTime:0.0028s ]
ERR: 1364:Field 'id' doesn't have a default value
 [ SQL语句 ] : INSERT INTO `city_stats` (`tel_num`) VALUES ('13269339999')
ERR: 1364:Field 'id' doesn't have a default value
 [ SQL语句 ] : INSERT INTO `city_stats` (`tel_num`) VALUES ('13269339999')

[ 2016-07-16T16:38:55+08:00 ] ::1 /SmileTP/index.php/Home/Order/createOrder
INFO: [ app_init ] --START--
INFO: Run Behavior\BuildLiteBehavior [ RunTime:0.000047s ]
INFO: [ app_init ] --END-- [ RunTime:0.001605s ]
INFO: [ app_begin ] --START--
INFO: Run Behavior\ReadHtmlCacheBehavior [ RunTime:0.002071s ]
INFO: [ app_begin ] --END-- [ RunTime:0.002300s ]
SQL: SHOW COLUMNS FROM `city_stats` [ RunTime:0.0039s ]
SQL: INSERT INTO `city_stats` (`id`,`tel_num`) VALUES ('0','13269339999') [ RunTime:0.0034s ]
INFO: [ app_end ] --START--
INFO: Run Behavior\ShowPageTraceBehavior [ RunTime:0.002684s ]
INFO: [ app_end ] --END-- [ RunTime:0.002835s ]

[ 2016-07-16T16:39:14+08:00 ] ::1 /SmileTP/index.php/Home/Order/createOrder
INFO: [ app_init ] --START--
INFO: Run Behavior\BuildLiteBehavior [ RunTime:0.000033s ]
INFO: [ app_init ] --END-- [ RunTime:0.001209s ]
INFO: [ app_begin ] --START--
INFO: Run Behavior\ReadHtmlCacheBehavior [ RunTime:0.001646s ]
INFO: [ app_begin ] --END-- [ RunTime:0.001825s ]
SQL: SHOW COLUMNS FROM `city_stats` [ RunTime:0.0031s ]
ERR: 1062:Duplicate entry '0' for key 'PRIMARY'
 [ SQL语句 ] : INSERT INTO `city_stats` (`id`,`tel_num`) VALUES ('0','13269339999')
ERR: 1062:Duplicate entry '0' for key 'PRIMARY'
 [ SQL语句 ] : INSERT INTO `city_stats` (`id`,`tel_num`) VALUES ('0','13269339999')

[ 2016-07-16T16:39:54+08:00 ] ::1 /SmileTP/index.php/Home/Order/createOrder
INFO: [ app_init ] --START--
INFO: Run Behavior\BuildLiteBehavior [ RunTime:0.000032s ]
INFO: [ app_init ] --END-- [ RunTime:0.002204s ]
INFO: [ app_begin ] --START--
INFO: Run Behavior\ReadHtmlCacheBehavior [ RunTime:0.003013s ]
INFO: [ app_begin ] --END-- [ RunTime:0.003166s ]
SQL: SHOW COLUMNS FROM `order_stats` [ RunTime:0.0038s ]
SQL: INSERT INTO `order_stats` (`id`,`user_id`,`city_id`,`shop_id`,`project_id`,`stats`,`deposit_stats`,`price`,`tel_num`) VALUES ('0','1','1','1','1','1','1','100','13269339999') [ RunTime:0.0011s ]
INFO: [ app_end ] --START--
INFO: Run Behavior\ShowPageTraceBehavior [ RunTime:0.002228s ]
INFO: [ app_end ] --END-- [ RunTime:0.002393s ]

[ 2016-07-16T16:40:31+08:00 ] ::1 /SmileTP/index.php/Home/Order/createOrder
INFO: [ app_init ] --START--
INFO: Run Behavior\BuildLiteBehavior [ RunTime:0.000032s ]
INFO: [ app_init ] --END-- [ RunTime:0.001364s ]
INFO: [ app_begin ] --START--
INFO: Run Behavior\ReadHtmlCacheBehavior [ RunTime:0.003586s ]
INFO: [ app_begin ] --END-- [ RunTime:0.003740s ]
SQL: SHOW COLUMNS FROM `order_stats` [ RunTime:0.0041s ]
ERR: 1292:Incorrect datetime value: '1468658431' for column 'c_time' at row 1
 [ SQL语句 ] : INSERT INTO `order_stats` (`id`,`user_id`,`city_id`,`shop_id`,`project_id`,`stats`,`deposit_stats`,`price`,`tel_num`,`c_time`,`m_time`) VALUES ('0','1','1','1','1','1','1','100','13269339999','1468658431','1468658431')
ERR: 1292:Incorrect datetime value: '1468658431' for column 'c_time' at row 1
 [ SQL语句 ] : INSERT INTO `order_stats` (`id`,`user_id`,`city_id`,`shop_id`,`project_id`,`stats`,`deposit_stats`,`price`,`tel_num`,`c_time`,`m_time`) VALUES ('0','1','1','1','1','1','1','100','13269339999','1468658431','1468658431')

[ 2016-07-16T16:41:43+08:00 ] ::1 /SmileTP/index.php/Home/Order/createOrder
INFO: [ app_init ] --START--
INFO: Run Behavior\BuildLiteBehavior [ RunTime:0.000031s ]
INFO: [ app_init ] --END-- [ RunTime:0.001051s ]
INFO: [ app_begin ] --START--
INFO: Run Behavior\ReadHtmlCacheBehavior [ RunTime:0.001442s ]
INFO: [ app_begin ] --END-- [ RunTime:0.001587s ]
SQL: SHOW COLUMNS FROM `order_stats` [ RunTime:0.0049s ]
SQL: INSERT INTO `order_stats` (`id`,`user_id`,`city_id`,`shop_id`,`project_id`,`stats`,`deposit_stats`,`price`,`tel_num`,`c_time`,`m_time`) VALUES ('0','1','1','1','1','1','1','100','13269339999','16-07-16 04:41:43','16-07-16 04:41:43') [ RunTime:0.0013s ]
INFO: [ app_end ] --START--
INFO: Run Behavior\ShowPageTraceBehavior [ RunTime:0.002308s ]
INFO: [ app_end ] --END-- [ RunTime:0.002456s ]

