[ 2016-07-17T20:47:13+08:00 ] ::1 /SmileTP/index.php/Home/Order/createOrder
INFO: [ app_init ] --START--
INFO: Run Behavior\BuildLiteBehavior [ RunTime:0.000016s ]
INFO: [ app_init ] --END-- [ RunTime:0.005391s ]
INFO: [ app_begin ] --START--
INFO: Run Behavior\ReadHtmlCacheBehavior [ RunTime:0.001387s ]
INFO: [ app_begin ] --END-- [ RunTime:0.001454s ]
SQL: SHOW COLUMNS FROM `order_stats` [ RunTime:0.0030s ]
SQL: INSERT INTO `order_stats` (`id`,`user_id`,`city_id`,`shop_id`,`project_id`,`stats`,`deposit_stats`,`price`,`tel_num`,`c_time`,`m_time`) VALUES ('0','1','1','1','1','1','1','100','13269339999','16-07-17 08:47:13','16-07-17 08:47:13') [ RunTime:0.0009s ]
INFO: [ app_end ] --START--
INFO: Run Behavior\ShowPageTraceBehavior [ RunTime:0.001406s ]
INFO: [ app_end ] --END-- [ RunTime:0.001475s ]

[ 2016-07-17T20:47:37+08:00 ] ::1 /SmileTP/index.php/Home/Project/showProject
INFO: [ app_init ] --START--
INFO: Run Behavior\BuildLiteBehavior [ RunTime:0.000012s ]
INFO: [ app_init ] --END-- [ RunTime:0.000391s ]
INFO: [ app_begin ] --START--
INFO: Run Behavior\ReadHtmlCacheBehavior [ RunTime:0.000489s ]
INFO: [ app_begin ] --END-- [ RunTime:0.000539s ]
ERR: 无法加载控制器:Project

[ 2016-07-17T20:48:28+08:00 ] ::1 /SmileTP/index.php/Home/Project/showProject/1
INFO: [ app_init ] --START--
INFO: Run Behavior\BuildLiteBehavior [ RunTime:0.000011s ]
INFO: [ app_init ] --END-- [ RunTime:0.000361s ]
INFO: [ app_begin ] --START--
INFO: Run Behavior\ReadHtmlCacheBehavior [ RunTime:0.000424s ]
INFO: [ app_begin ] --END-- [ RunTime:0.000463s ]
ERR: 无法加载控制器:Project

[ 2016-07-17T20:50:02+08:00 ] ::1 /SmileTP/index.php/Home/project/showProject/1
INFO: [ app_init ] --START--
INFO: Run Behavior\BuildLiteBehavior [ RunTime:0.000013s ]
INFO: [ app_init ] --END-- [ RunTime:0.000561s ]
INFO: [ app_begin ] --START--
INFO: Run Behavior\ReadHtmlCacheBehavior [ RunTime:0.000820s ]
INFO: [ app_begin ] --END-- [ RunTime:0.000876s ]
ERR: 无法加载控制器:Project

[ 2016-07-17T20:50:06+08:00 ] ::1 /SmileTP/index.php/Home/Project/showProject/1
INFO: [ app_init ] --START--
INFO: Run Behavior\BuildLiteBehavior [ RunTime:0.000011s ]
INFO: [ app_init ] --END-- [ RunTime:0.000336s ]
INFO: [ app_begin ] --START--
INFO: Run Behavior\ReadHtmlCacheBehavior [ RunTime:0.000394s ]
INFO: [ app_begin ] --END-- [ RunTime:0.000432s ]
ERR: 无法加载控制器:Project

[ 2016-07-17T20:51:31+08:00 ] ::1 /SmileTP/index.php/Home/Project/showProject/1
INFO: [ app_init ] --START--
INFO: Run Behavior\BuildLiteBehavior [ RunTime:0.000016s ]
INFO: [ app_init ] --END-- [ RunTime:0.000533s ]
INFO: [ app_begin ] --START--
INFO: Run Behavior\ReadHtmlCacheBehavior [ RunTime:0.000779s ]
INFO: [ app_begin ] --END-- [ RunTime:0.000948s ]
ERR: 参数错误或者未定义:city_id

[ 2016-07-17T20:52:02+08:00 ] ::1 /SmileTP/index.php/Home/Project/showProject/city_id/1
INFO: [ app_init ] --START--
INFO: Run Behavior\BuildLiteBehavior [ RunTime:0.000010s ]
INFO: [ app_init ] --END-- [ RunTime:0.000353s ]
INFO: [ app_begin ] --START--
INFO: Run Behavior\ReadHtmlCacheBehavior [ RunTime:0.000434s ]
INFO: [ app_begin ] --END-- [ RunTime:0.000473s ]
SQL: SHOW COLUMNS FROM `project_stats` [ RunTime:0.0029s ]
SQL: SELECT * FROM `project_stats` WHERE ( id=1 ) LIMIT 1   [ RunTime:0.0008s ]
NOTIC: [4096] Object of class Think\Model could not be converted to string D:\wamp\www\SmileTP\Application\Home\Controller\ProjectController.class.php 第 17 行.
INFO: [ app_end ] --START--
INFO: Run Behavior\ShowPageTraceBehavior [ RunTime:0.000773s ]
INFO: [ app_end ] --END-- [ RunTime:0.000812s ]

[ 2016-07-17T20:52:35+08:00 ] ::1 /SmileTP/index.php/Home/Project/showProject/city_id/1
INFO: [ app_init ] --START--
INFO: Run Behavior\BuildLiteBehavior [ RunTime:0.000010s ]
INFO: [ app_init ] --END-- [ RunTime:0.000433s ]
INFO: [ app_begin ] --START--
INFO: Run Behavior\ReadHtmlCacheBehavior [ RunTime:0.000626s ]
INFO: [ app_begin ] --END-- [ RunTime:0.000695s ]
SQL: SHOW COLUMNS FROM `project_stats` [ RunTime:0.0023s ]
SQL: SELECT * FROM `project_stats` WHERE ( id=1 ) LIMIT 1   [ RunTime:0.0005s ]

[ 2016-07-17T20:52:51+08:00 ] ::1 /SmileTP/index.php/Home/Project/showProject/city_id/1
INFO: [ app_init ] --START--
INFO: Run Behavior\BuildLiteBehavior [ RunTime:0.000017s ]
INFO: [ app_init ] --END-- [ RunTime:0.000632s ]
INFO: [ app_begin ] --START--
INFO: Run Behavior\ReadHtmlCacheBehavior [ RunTime:0.001175s ]
INFO: [ app_begin ] --END-- [ RunTime:0.001248s ]
SQL: SHOW COLUMNS FROM `project_stats` [ RunTime:0.0015s ]
SQL: SELECT * FROM `project_stats` WHERE ( id=1 ) LIMIT 1   [ RunTime:0.0004s ]

[ 2016-07-17T20:53:19+08:00 ] ::1 /SmileTP/index.php/Home/Project/showProject/city_id/1
INFO: [ app_init ] --START--
INFO: Run Behavior\BuildLiteBehavior [ RunTime:0.000011s ]
INFO: [ app_init ] --END-- [ RunTime:0.000330s ]
INFO: [ app_begin ] --START--
INFO: Run Behavior\ReadHtmlCacheBehavior [ RunTime:0.000558s ]
INFO: [ app_begin ] --END-- [ RunTime:0.000611s ]
SQL: SHOW COLUMNS FROM `project_stats` [ RunTime:0.0018s ]
SQL: SELECT * FROM `project_stats` WHERE ( id=1 ) LIMIT 1   [ RunTime:0.0005s ]
NOTIC: [4096] Object of class Think\Model could not be converted to string D:\wamp\www\SmileTP\Application\Home\Controller\ProjectController.class.php 第 16 行.
INFO: [ app_end ] --START--
INFO: Run Behavior\ShowPageTraceBehavior [ RunTime:0.000784s ]
INFO: [ app_end ] --END-- [ RunTime:0.000822s ]

[ 2016-07-17T20:53:41+08:00 ] ::1 /SmileTP/index.php/Home/Project/showProject/city_id/1
INFO: [ app_init ] --START--
INFO: Run Behavior\BuildLiteBehavior [ RunTime:0.000012s ]
INFO: [ app_init ] --END-- [ RunTime:0.000392s ]
INFO: [ app_begin ] --START--
INFO: Run Behavior\ReadHtmlCacheBehavior [ RunTime:0.000494s ]
INFO: [ app_begin ] --END-- [ RunTime:0.000542s ]
SQL: SHOW COLUMNS FROM `project_stats` [ RunTime:0.0023s ]
SQL: SELECT * FROM `project_stats` WHERE ( id=1 ) LIMIT 1   [ RunTime:0.0005s ]
NOTIC: [4096] Object of class Think\Model could not be converted to string D:\wamp\www\SmileTP\Application\Home\Controller\ProjectController.class.php 第 17 行.
INFO: [ app_end ] --START--
INFO: Run Behavior\ShowPageTraceBehavior [ RunTime:0.000665s ]
INFO: [ app_end ] --END-- [ RunTime:0.000726s ]

[ 2016-07-17T20:54:01+08:00 ] ::1 /SmileTP/index.php/Home/Project/showProject/city_id/1
INFO: [ app_init ] --START--
INFO: Run Behavior\BuildLiteBehavior [ RunTime:0.000013s ]
INFO: [ app_init ] --END-- [ RunTime:0.000550s ]
INFO: [ app_begin ] --START--
INFO: Run Behavior\ReadHtmlCacheBehavior [ RunTime:0.000817s ]
INFO: [ app_begin ] --END-- [ RunTime:0.000869s ]
SQL: SHOW COLUMNS FROM `project_stats` [ RunTime:0.0026s ]
SQL: SELECT * FROM `project_stats` WHERE ( id=1 ) LIMIT 1   [ RunTime:0.0005s ]

[ 2016-07-17T20:54:29+08:00 ] ::1 /SmileTP/index.php/Home/Project/showProject/city_id/1
INFO: [ app_init ] --START--
INFO: Run Behavior\BuildLiteBehavior [ RunTime:0.000017s ]
INFO: [ app_init ] --END-- [ RunTime:0.000406s ]
INFO: [ app_begin ] --START--
INFO: Run Behavior\ReadHtmlCacheBehavior [ RunTime:0.000485s ]
INFO: [ app_begin ] --END-- [ RunTime:0.000532s ]
SQL: SHOW COLUMNS FROM `project_stats` [ RunTime:0.0019s ]
SQL: SELECT * FROM `project_stats` WHERE ( id=1 ) LIMIT 1   [ RunTime:0.0005s ]

[ 2016-07-17T20:55:06+08:00 ] ::1 /SmileTP/index.php/Home/Project/showProject/city_id/1
INFO: [ app_init ] --START--
INFO: Run Behavior\BuildLiteBehavior [ RunTime:0.000011s ]
INFO: [ app_init ] --END-- [ RunTime:0.000377s ]
INFO: [ app_begin ] --START--
INFO: Run Behavior\ReadHtmlCacheBehavior [ RunTime:0.000517s ]
INFO: [ app_begin ] --END-- [ RunTime:0.000575s ]
SQL: SHOW COLUMNS FROM `project_stats` [ RunTime:0.0017s ]
SQL: SELECT * FROM `project_stats` WHERE ( id=1 ) LIMIT 1   [ RunTime:0.0005s ]
INFO: [ app_end ] --START--
INFO: Run Behavior\ShowPageTraceBehavior [ RunTime:0.000600s ]
INFO: [ app_end ] --END-- [ RunTime:0.000643s ]

[ 2016-07-17T21:02:17+08:00 ] ::1 /SmileTP/index.php/Home/Project/showProject/city_id/1
INFO: [ app_init ] --START--
INFO: Run Behavior\BuildLiteBehavior [ RunTime:0.000010s ]
INFO: [ app_init ] --END-- [ RunTime:0.000419s ]
INFO: [ app_begin ] --START--
INFO: Run Behavior\ReadHtmlCacheBehavior [ RunTime:0.000949s ]
INFO: [ app_begin ] --END-- [ RunTime:0.001022s ]
SQL: SHOW COLUMNS FROM `project_stats` [ RunTime:0.0018s ]
SQL: SELECT * FROM `project_stats` WHERE ( id=1 ) LIMIT 1   [ RunTime:0.0005s ]
NOTIC: [8] Array to string conversion D:\wamp\www\SmileTP\Application\Home\Controller\ProjectController.class.php 第 15 行.
INFO: [ app_end ] --START--
INFO: Run Behavior\ShowPageTraceBehavior [ RunTime:0.000884s ]
INFO: [ app_end ] --END-- [ RunTime:0.000926s ]

[ 2016-07-17T21:02:33+08:00 ] ::1 /SmileTP/index.php/Home/Project/showProject/city_id/1
INFO: [ app_init ] --START--
INFO: Run Behavior\BuildLiteBehavior [ RunTime:0.000010s ]
INFO: [ app_init ] --END-- [ RunTime:0.000412s ]
INFO: [ app_begin ] --START--
INFO: Run Behavior\ReadHtmlCacheBehavior [ RunTime:0.000694s ]
INFO: [ app_begin ] --END-- [ RunTime:0.000734s ]
SQL: SHOW COLUMNS FROM `project_stats` [ RunTime:0.0013s ]
SQL: SELECT * FROM `project_stats` WHERE ( id=1 ) LIMIT 1   [ RunTime:0.0004s ]
NOTIC: [8] Undefined offset: 0 D:\wamp\www\SmileTP\Application\Home\Controller\ProjectController.class.php 第 15 行.
INFO: [ app_end ] --START--
INFO: Run Behavior\ShowPageTraceBehavior [ RunTime:0.000925s ]
INFO: [ app_end ] --END-- [ RunTime:0.000987s ]

[ 2016-07-17T21:02:46+08:00 ] ::1 /SmileTP/index.php/Home/Project/showProject/city_id/1
INFO: [ app_init ] --START--
INFO: Run Behavior\BuildLiteBehavior [ RunTime:0.000012s ]
INFO: [ app_init ] --END-- [ RunTime:0.000389s ]
INFO: [ app_begin ] --START--
INFO: Run Behavior\ReadHtmlCacheBehavior [ RunTime:0.000679s ]
INFO: [ app_begin ] --END-- [ RunTime:0.000755s ]
SQL: SHOW COLUMNS FROM `project_stats` [ RunTime:0.0015s ]
SQL: SELECT * FROM `project_stats` WHERE ( id=1 )  [ RunTime:0.0005s ]
NOTIC: [8] Array to string conversion D:\wamp\www\SmileTP\Application\Home\Controller\ProjectController.class.php 第 15 行.
INFO: [ app_end ] --START--
INFO: Run Behavior\ShowPageTraceBehavior [ RunTime:0.000641s ]
INFO: [ app_end ] --END-- [ RunTime:0.000703s ]

[ 2016-07-17T21:03:32+08:00 ] ::1 /SmileTP/index.php/Home/Project/showProject/city_id/1
INFO: [ app_init ] --START--
INFO: Run Behavior\BuildLiteBehavior [ RunTime:0.000011s ]
INFO: [ app_init ] --END-- [ RunTime:0.000389s ]
INFO: [ app_begin ] --START--
INFO: Run Behavior\ReadHtmlCacheBehavior [ RunTime:0.000470s ]
INFO: [ app_begin ] --END-- [ RunTime:0.000516s ]
SQL: SHOW COLUMNS FROM `project_stats` [ RunTime:0.0011s ]
SQL: SELECT * FROM `project_stats` WHERE ( id=1 )  [ RunTime:0.0005s ]

[ 2016-07-17T21:04:36+08:00 ] ::1 /SmileTP/index.php/Home/Project/showProject/city_id/1
INFO: [ app_init ] --START--
INFO: Run Behavior\BuildLiteBehavior [ RunTime:0.000066s ]
INFO: [ app_init ] --END-- [ RunTime:0.002923s ]
INFO: [ app_begin ] --START--
INFO: Run Behavior\ReadHtmlCacheBehavior [ RunTime:0.000717s ]
INFO: [ app_begin ] --END-- [ RunTime:0.000762s ]
SQL: SHOW COLUMNS FROM `project_stats` [ RunTime:0.0018s ]
SQL: SELECT * FROM `project_stats` WHERE ( id=1 )  [ RunTime:0.0004s ]

[ 2016-07-17T21:06:32+08:00 ] ::1 /SmileTP/index.php/Home/Project/showProject/city_id/1
INFO: [ app_init ] --START--
INFO: Run Behavior\BuildLiteBehavior [ RunTime:0.000013s ]
INFO: [ app_init ] --END-- [ RunTime:0.000482s ]
INFO: [ app_begin ] --START--
INFO: Run Behavior\ReadHtmlCacheBehavior [ RunTime:0.001391s ]
INFO: [ app_begin ] --END-- [ RunTime:0.001527s ]
SQL: SHOW COLUMNS FROM `project_stats` [ RunTime:0.0011s ]
SQL: SELECT * FROM `project_stats` WHERE ( id=1 )  [ RunTime:0.0005s ]
INFO: [ app_end ] --START--
INFO: Run Behavior\ShowPageTraceBehavior [ RunTime:0.000854s ]
INFO: [ app_end ] --END-- [ RunTime:0.000914s ]

[ 2016-07-17T21:07:13+08:00 ] ::1 /SmileTP/index.php/Home/Project/showProject/city_id/1
INFO: [ app_init ] --START--
INFO: Run Behavior\BuildLiteBehavior [ RunTime:0.000011s ]
INFO: [ app_init ] --END-- [ RunTime:0.000416s ]
INFO: [ app_begin ] --START--
INFO: Run Behavior\ReadHtmlCacheBehavior [ RunTime:0.000979s ]
INFO: [ app_begin ] --END-- [ RunTime:0.001043s ]
SQL: SHOW COLUMNS FROM `project_stats` [ RunTime:0.0013s ]
SQL: SELECT * FROM `project_stats` WHERE ( id=1 )  [ RunTime:0.0007s ]
INFO: [ app_end ] --START--
INFO: Run Behavior\ShowPageTraceBehavior [ RunTime:0.001373s ]
INFO: [ app_end ] --END-- [ RunTime:0.001574s ]

[ 2016-07-17T21:08:06+08:00 ] ::1 /SmileTP/index.php/Home/Project/showProject/city_id/1
INFO: [ app_init ] --START--
INFO: Run Behavior\BuildLiteBehavior [ RunTime:0.000013s ]
INFO: [ app_init ] --END-- [ RunTime:0.000429s ]
INFO: [ app_begin ] --START--
INFO: Run Behavior\ReadHtmlCacheBehavior [ RunTime:0.000482s ]
INFO: [ app_begin ] --END-- [ RunTime:0.000532s ]
SQL: SHOW COLUMNS FROM `project_stats` [ RunTime:0.0015s ]
SQL: SELECT * FROM `project_stats` WHERE ( id=1 )  [ RunTime:0.0007s ]
INFO: [ app_end ] --START--
INFO: Run Behavior\ShowPageTraceBehavior [ RunTime:0.000642s ]
INFO: [ app_end ] --END-- [ RunTime:0.000720s ]

[ 2016-07-17T21:08:20+08:00 ] ::1 /SmileTP/index.php/Home/Project/showProject/city_id/1
INFO: [ app_init ] --START--
INFO: Run Behavior\BuildLiteBehavior [ RunTime:0.000018s ]
INFO: [ app_init ] --END-- [ RunTime:0.000437s ]
INFO: [ app_begin ] --START--
INFO: Run Behavior\ReadHtmlCacheBehavior [ RunTime:0.000490s ]
INFO: [ app_begin ] --END-- [ RunTime:0.000541s ]
SQL: SHOW COLUMNS FROM `project_stats` [ RunTime:0.0011s ]
SQL: SELECT * FROM `project_stats` WHERE ( city_id=1 )  [ RunTime:0.0009s ]
INFO: [ app_end ] --START--
INFO: Run Behavior\ShowPageTraceBehavior [ RunTime:0.000715s ]
INFO: [ app_end ] --END-- [ RunTime:0.000767s ]

[ 2016-07-17T21:08:38+08:00 ] ::1 /SmileTP/index.php/Home/Project/showProject/city_id/1
INFO: [ app_init ] --START--
INFO: Run Behavior\BuildLiteBehavior [ RunTime:0.000023s ]
INFO: [ app_init ] --END-- [ RunTime:0.000824s ]
INFO: [ app_begin ] --START--
INFO: Run Behavior\ReadHtmlCacheBehavior [ RunTime:0.000857s ]
INFO: [ app_begin ] --END-- [ RunTime:0.000913s ]
SQL: SHOW COLUMNS FROM `project_stats` [ RunTime:0.0008s ]
SQL: SELECT * FROM `project_stats` WHERE ( city_id=1 )  [ RunTime:0.0005s ]
INFO: [ app_end ] --START--
INFO: Run Behavior\ShowPageTraceBehavior [ RunTime:0.001244s ]
INFO: [ app_end ] --END-- [ RunTime:0.001308s ]

[ 2016-07-17T21:11:12+08:00 ] ::1 /SmileTP/index.php/Home/Project/showProject/city_id/1
INFO: [ app_init ] --START--
INFO: Run Behavior\BuildLiteBehavior [ RunTime:0.000012s ]
INFO: [ app_init ] --END-- [ RunTime:0.000480s ]
INFO: [ app_begin ] --START--
INFO: Run Behavior\ReadHtmlCacheBehavior [ RunTime:0.000745s ]
INFO: [ app_begin ] --END-- [ RunTime:0.000799s ]
SQL: SHOW COLUMNS FROM `project_stats` [ RunTime:0.0011s ]
SQL: SELECT * FROM `project_stats` WHERE ( city_id=1 )  [ RunTime:0.0005s ]
NOTIC: [4096] Object of class Think\Model could not be converted to string D:\wamp\www\SmileTP\Application\Home\Controller\ProjectController.class.php 第 16 行.
INFO: [ app_end ] --START--
INFO: Run Behavior\ShowPageTraceBehavior [ RunTime:0.001510s ]
INFO: [ app_end ] --END-- [ RunTime:0.001601s ]

[ 2016-07-17T21:13:02+08:00 ] ::1 /SmileTP/index.php/Home/Project/showProject/city_id/1
INFO: [ app_init ] --START--
INFO: Run Behavior\BuildLiteBehavior [ RunTime:0.000010s ]
INFO: [ app_init ] --END-- [ RunTime:0.000419s ]
INFO: [ app_begin ] --START--
INFO: Run Behavior\ReadHtmlCacheBehavior [ RunTime:0.000694s ]
INFO: [ app_begin ] --END-- [ RunTime:0.000736s ]
SQL: SHOW COLUMNS FROM `project_stats` [ RunTime:0.0011s ]
SQL: SELECT * FROM `project_stats` WHERE ( city_id=1 )  [ RunTime:0.0005s ]

[ 2016-07-17T21:13:19+08:00 ] ::1 /SmileTP/index.php/Home/Project/showProject/city_id/1
INFO: [ app_init ] --START--
INFO: Run Behavior\BuildLiteBehavior [ RunTime:0.000012s ]
INFO: [ app_init ] --END-- [ RunTime:0.000463s ]
INFO: [ app_begin ] --START--
INFO: Run Behavior\ReadHtmlCacheBehavior [ RunTime:0.000753s ]
INFO: [ app_begin ] --END-- [ RunTime:0.000796s ]
SQL: SHOW COLUMNS FROM `project_stats` [ RunTime:0.0008s ]
SQL: SELECT * FROM `project_stats` WHERE ( city_id=1 )  [ RunTime:0.0005s ]
INFO: [ app_end ] --START--
INFO: Run Behavior\ShowPageTraceBehavior [ RunTime:0.000868s ]
INFO: [ app_end ] --END-- [ RunTime:0.000912s ]

[ 2016-07-17T21:15:31+08:00 ] ::1 /SmileTP/index.php/Home/Project/showProject/city_id/1
INFO: [ app_init ] --START--
INFO: Run Behavior\BuildLiteBehavior [ RunTime:0.000014s ]
INFO: [ app_init ] --END-- [ RunTime:0.000603s ]
INFO: [ app_begin ] --START--
INFO: Run Behavior\ReadHtmlCacheBehavior [ RunTime:0.001412s ]
INFO: [ app_begin ] --END-- [ RunTime:0.001485s ]
SQL: SHOW COLUMNS FROM `project_stats` [ RunTime:0.0012s ]
SQL: SELECT * FROM `project_stats` WHERE ( city_id=1 )  [ RunTime:0.0005s ]
NOTIC: [4096] Object of class Think\Model could not be converted to string D:\wamp\www\SmileTP\Application\Home\Controller\ProjectController.class.php 第 16 行.
INFO: [ app_end ] --START--
INFO: Run Behavior\ShowPageTraceBehavior [ RunTime:0.000992s ]
INFO: [ app_end ] --END-- [ RunTime:0.001064s ]

[ 2016-07-17T21:16:27+08:00 ] ::1 /SmileTP/index.php/Home/Project/showProject/city_id/1
INFO: [ app_init ] --START--
INFO: Run Behavior\BuildLiteBehavior [ RunTime:0.000015s ]
INFO: [ app_init ] --END-- [ RunTime:0.000609s ]
INFO: [ app_begin ] --START--
INFO: Run Behavior\ReadHtmlCacheBehavior [ RunTime:0.001486s ]
INFO: [ app_begin ] --END-- [ RunTime:0.001578s ]
SQL: SHOW COLUMNS FROM `project_stats` [ RunTime:0.0010s ]
SQL: SELECT * FROM `project_stats` WHERE ( city_id=1 )  [ RunTime:0.0007s ]

[ 2016-07-17T21:17:09+08:00 ] ::1 /SmileTP/index.php/Home/Project/showProject/city_id/1
INFO: [ app_init ] --START--
INFO: Run Behavior\BuildLiteBehavior [ RunTime:0.000020s ]
INFO: [ app_init ] --END-- [ RunTime:0.000444s ]
INFO: [ app_begin ] --START--
INFO: Run Behavior\ReadHtmlCacheBehavior [ RunTime:0.000498s ]
INFO: [ app_begin ] --END-- [ RunTime:0.000549s ]
SQL: SHOW COLUMNS FROM `project_stats` [ RunTime:0.0016s ]
SQL: SELECT * FROM `project_stats` WHERE ( city_id=1 )  [ RunTime:0.0005s ]
INFO: [ app_end ] --START--
INFO: Run Behavior\ShowPageTraceBehavior [ RunTime:0.000540s ]
INFO: [ app_end ] --END-- [ RunTime:0.000581s ]

[ 2016-07-17T21:19:07+08:00 ] ::1 /SmileTP/index.php/Home/Project/showProject/city_id/1
INFO: [ app_init ] --START--
INFO: Run Behavior\BuildLiteBehavior [ RunTime:0.000012s ]
INFO: [ app_init ] --END-- [ RunTime:0.000505s ]
INFO: [ app_begin ] --START--
INFO: Run Behavior\ReadHtmlCacheBehavior [ RunTime:0.001808s ]
INFO: [ app_begin ] --END-- [ RunTime:0.001937s ]
SQL: SHOW COLUMNS FROM `project_stats` [ RunTime:0.0012s ]
SQL: SELECT * FROM `project_stats` WHERE ( city_id=1 )  [ RunTime:0.0005s ]
INFO: [ app_end ] --START--
INFO: Run Behavior\ShowPageTraceBehavior [ RunTime:0.000906s ]
INFO: [ app_end ] --END-- [ RunTime:0.000986s ]

[ 2016-07-17T21:20:16+08:00 ] ::1 /SmileTP/index.php/Home/Project/showProject/city_id/1
INFO: [ app_init ] --START--
INFO: Run Behavior\BuildLiteBehavior [ RunTime:0.000013s ]
INFO: [ app_init ] --END-- [ RunTime:0.000555s ]
INFO: [ app_begin ] --START--
INFO: Run Behavior\ReadHtmlCacheBehavior [ RunTime:0.000707s ]
INFO: [ app_begin ] --END-- [ RunTime:0.000750s ]
SQL: SHOW COLUMNS FROM `project_stats` [ RunTime:0.0016s ]
SQL: SELECT * FROM `project_stats` WHERE ( city_id=1 )  [ RunTime:0.0010s ]
INFO: [ app_end ] --START--
INFO: Run Behavior\ShowPageTraceBehavior [ RunTime:0.001043s ]
INFO: [ app_end ] --END-- [ RunTime:0.001117s ]

[ 2016-07-17T21:32:02+08:00 ] ::1 /SmileTP/index.php/Home/City/showOpenCity
INFO: [ app_init ] --START--
INFO: Run Behavior\BuildLiteBehavior [ RunTime:0.000021s ]
INFO: [ app_init ] --END-- [ RunTime:0.000607s ]
INFO: [ app_begin ] --START--
INFO: Run Behavior\ReadHtmlCacheBehavior [ RunTime:0.002321s ]
INFO: [ app_begin ] --END-- [ RunTime:0.002421s ]
SQL: SHOW COLUMNS FROM `city_stats` [ RunTime:0.0023s ]
SQL: SELECT * FROM `city_stats` WHERE ( stats=1 )  [ RunTime:0.0017s ]
INFO: [ app_end ] --START--
INFO: Run Behavior\ShowPageTraceBehavior [ RunTime:0.000944s ]
INFO: [ app_end ] --END-- [ RunTime:0.000992s ]

[ 2016-07-17T21:46:15+08:00 ] ::1 /SmileTP/index.php/Home/Shop/showOpenShop/city_id/1
INFO: [ app_init ] --START--
INFO: Run Behavior\BuildLiteBehavior [ RunTime:0.000054s ]
INFO: [ app_init ] --END-- [ RunTime:0.001350s ]
INFO: [ app_begin ] --START--
INFO: Run Behavior\ReadHtmlCacheBehavior [ RunTime:0.000819s ]
INFO: [ app_begin ] --END-- [ RunTime:0.000874s ]
SQL: SHOW COLUMNS FROM `shop_stats` [ RunTime:0.0028s ]
SQL: SELECT * FROM `shop_stats` WHERE ( stats=1 )  [ RunTime:0.0008s ]
INFO: [ app_end ] --START--
INFO: Run Behavior\ShowPageTraceBehavior [ RunTime:0.001306s ]
INFO: [ app_end ] --END-- [ RunTime:0.001388s ]

[ 2016-07-17T21:46:56+08:00 ] ::1 /SmileTP/index.php/Home/Shop/showOpenShop/city_id/1
INFO: [ app_init ] --START--
INFO: Run Behavior\BuildLiteBehavior [ RunTime:0.000012s ]
INFO: [ app_init ] --END-- [ RunTime:0.000543s ]
INFO: [ app_begin ] --START--
INFO: Run Behavior\ReadHtmlCacheBehavior [ RunTime:0.001031s ]
INFO: [ app_begin ] --END-- [ RunTime:0.001142s ]
SQL: SHOW COLUMNS FROM `shop_stats` [ RunTime:0.0019s ]
SQL: SELECT * FROM `shop_stats` WHERE ( stats=1 )  [ RunTime:0.0007s ]
INFO: [ app_end ] --START--
INFO: Run Behavior\ShowPageTraceBehavior [ RunTime:0.000850s ]
INFO: [ app_end ] --END-- [ RunTime:0.000900s ]

[ 2016-07-17T21:48:53+08:00 ] ::1 /SmileTP/index.php/Home/Shop/showOpenShop/city_id/1
INFO: [ app_init ] --START--
INFO: Run Behavior\BuildLiteBehavior [ RunTime:0.000012s ]
INFO: [ app_init ] --END-- [ RunTime:0.000526s ]
INFO: [ app_begin ] --START--
INFO: Run Behavior\ReadHtmlCacheBehavior [ RunTime:0.001268s ]
INFO: [ app_begin ] --END-- [ RunTime:0.001387s ]
SQL: SHOW COLUMNS FROM `shop_stats` [ RunTime:0.0021s ]
SQL: SELECT * FROM `shop_stats` WHERE ( stats=1 and city_id=1 )  [ RunTime:0.0007s ]
INFO: [ app_end ] --START--
INFO: Run Behavior\ShowPageTraceBehavior [ RunTime:0.000923s ]
INFO: [ app_end ] --END-- [ RunTime:0.000970s ]

[ 2016-07-17T22:04:11+08:00 ] ::1 /SmileTP/index.php/Home/User/changeCity/city_id/2
INFO: [ app_init ] --START--
INFO: Run Behavior\BuildLiteBehavior [ RunTime:0.000011s ]
INFO: [ app_init ] --END-- [ RunTime:0.000423s ]
INFO: [ app_begin ] --START--
INFO: Run Behavior\ReadHtmlCacheBehavior [ RunTime:0.000653s ]
INFO: [ app_begin ] --END-- [ RunTime:0.000696s ]
SQL: SHOW COLUMNS FROM `user_profile` [ RunTime:0.0018s ]
ERR: 1054:Unknown column 'user_id' in 'where clause'
 [ SQL语句 ] : SELECT * FROM `user_profile` WHERE ( user_id=1 ) LIMIT 1  
ERR: 1054:Unknown column 'user_id' in 'where clause'
 [ SQL语句 ] : SELECT * FROM `user_profile` WHERE ( user_id=1 ) LIMIT 1  

[ 2016-07-17T22:04:28+08:00 ] ::1 /SmileTP/index.php/Home/User/changeCity/city_id/2
INFO: [ app_init ] --START--
INFO: Run Behavior\BuildLiteBehavior [ RunTime:0.000016s ]
INFO: [ app_init ] --END-- [ RunTime:0.000834s ]
INFO: [ app_begin ] --START--
INFO: Run Behavior\ReadHtmlCacheBehavior [ RunTime:0.000766s ]
INFO: [ app_begin ] --END-- [ RunTime:0.000822s ]
SQL: SHOW COLUMNS FROM `user_profile` [ RunTime:0.0014s ]
SQL: SELECT * FROM `user_profile` WHERE ( id=1 ) LIMIT 1   [ RunTime:0.0006s ]
NOTIC: [2] Attempt to assign property of non-object D:\wamp\www\SmileTP\Application\Home\Controller\UserController.class.php 第 17 行.
INFO: [ app_end ] --START--
INFO: Run Behavior\ShowPageTraceBehavior [ RunTime:0.000851s ]
INFO: [ app_end ] --END-- [ RunTime:0.000905s ]

[ 2016-07-17T22:05:12+08:00 ] ::1 /SmileTP/index.php/Home/User/changeCity/city_id/2
INFO: [ app_init ] --START--
INFO: Run Behavior\BuildLiteBehavior [ RunTime:0.000012s ]
INFO: [ app_init ] --END-- [ RunTime:0.000393s ]
INFO: [ app_begin ] --START--
INFO: Run Behavior\ReadHtmlCacheBehavior [ RunTime:0.000452s ]
INFO: [ app_begin ] --END-- [ RunTime:0.000514s ]
SQL: SHOW COLUMNS FROM `user_profile` [ RunTime:0.0013s ]
SQL: SELECT * FROM `user_profile` WHERE ( id=1 ) LIMIT 1   [ RunTime:0.0005s ]
NOTIC: [2] Attempt to assign property of non-object D:\wamp\www\SmileTP\Application\Home\Controller\UserController.class.php 第 17 行.

[ 2016-07-17T22:07:02+08:00 ] ::1 /SmileTP/index.php/Home/User/changeCity/city_id/2
INFO: [ app_init ] --START--
INFO: Run Behavior\BuildLiteBehavior [ RunTime:0.000016s ]
INFO: [ app_init ] --END-- [ RunTime:0.000753s ]
INFO: [ app_begin ] --START--
INFO: Run Behavior\ReadHtmlCacheBehavior [ RunTime:0.000841s ]
INFO: [ app_begin ] --END-- [ RunTime:0.000910s ]
SQL: SHOW COLUMNS FROM `user_profile` [ RunTime:0.0022s ]
SQL: SELECT * FROM `user_profile` WHERE ( id=1 )  [ RunTime:0.0006s ]
NOTIC: [2] Attempt to assign property of non-object D:\wamp\www\SmileTP\Application\Home\Controller\UserController.class.php 第 17 行.

[ 2016-07-17T22:07:38+08:00 ] ::1 /SmileTP/index.php/Home/User/changeCity/city_id/2
INFO: [ app_init ] --START--
INFO: Run Behavior\BuildLiteBehavior [ RunTime:0.000035s ]
INFO: [ app_init ] --END-- [ RunTime:0.001093s ]
INFO: [ app_begin ] --START--
INFO: Run Behavior\ReadHtmlCacheBehavior [ RunTime:0.000698s ]
INFO: [ app_begin ] --END-- [ RunTime:0.000746s ]
SQL: SHOW COLUMNS FROM `user_profile` [ RunTime:0.0025s ]
SQL: SELECT * FROM `user_profile` WHERE `id` = 1 LIMIT 1   [ RunTime:0.0005s ]
NOTIC: [2] Attempt to assign property of non-object D:\wamp\www\SmileTP\Application\Home\Controller\UserController.class.php 第 17 行.

[ 2016-07-17T22:09:29+08:00 ] ::1 /SmileTP/index.php/Home/User/changeCity/city_id/2
INFO: [ app_init ] --START--
INFO: Run Behavior\BuildLiteBehavior [ RunTime:0.000013s ]
INFO: [ app_init ] --END-- [ RunTime:0.000442s ]
INFO: [ app_begin ] --START--
INFO: Run Behavior\ReadHtmlCacheBehavior [ RunTime:0.000652s ]
INFO: [ app_begin ] --END-- [ RunTime:0.000692s ]
SQL: SHOW COLUMNS FROM `user_profile` [ RunTime:0.0019s ]
SQL: UPDATE `user_profile` SET `city_id`='2' WHERE ( id=1 ) [ RunTime:0.0006s ]
INFO: [ app_end ] --START--
INFO: Run Behavior\ShowPageTraceBehavior [ RunTime:0.000848s ]
INFO: [ app_end ] --END-- [ RunTime:0.000892s ]

