[ 2016-07-16T12:11:25+08:00 ] ::1 /SmileTP/Application/Home/Controller/index.php
INFO: [ app_init ] --START--
INFO: Run Behavior\BuildLiteBehavior [ RunTime:0.000058s ]
INFO: [ app_init ] --END-- [ RunTime:0.003000s ]
ERR: 无法加载模块:Application

[ 2016-07-16T15:55:34+08:00 ] ::1 /SmileTP/index.php/Order
INFO: [ app_init ] --START--
INFO: Run Behavior\BuildLiteBehavior [ RunTime:0.000012s ]
INFO: [ app_init ] --END-- [ RunTime:0.000508s ]
ERR: 无法加载模块:Order

[ 2016-07-16T15:55:50+08:00 ] ::1 /SmileTP/index.php/OrderController
INFO: [ app_init ] --START--
INFO: Run Behavior\BuildLiteBehavior [ RunTime:0.000013s ]
INFO: [ app_init ] --END-- [ RunTime:0.000532s ]
ERR: 无法加载模块:OrderController

[ 2016-07-16T15:56:05+08:00 ] ::1 /SmileTP/index.php/OrderController.class.php
INFO: [ app_init ] --START--
INFO: Run Behavior\BuildLiteBehavior [ RunTime:0.000013s ]
INFO: [ app_init ] --END-- [ RunTime:0.000433s ]
ERR: 无法加载模块:OrderController.class

