[ 2016-07-18T11:32:42+08:00 ] ::1 /SmileTP/admin.php/Shop/showOpenShop/city_id/1
INFO: [ app_init ] --START--
INFO: Run Behavior\BuildLiteBehavior [ RunTime:0.000123s ]
INFO: [ app_init ] --END-- [ RunTime:0.001736s ]
INFO: [ app_begin ] --START--
INFO: Run Behavior\ReadHtmlCacheBehavior [ RunTime:0.001580s ]
INFO: [ app_begin ] --END-- [ RunTime:0.001726s ]
SQL: SHOW COLUMNS FROM `shop_stats` [ RunTime:0.0048s ]
SQL: SELECT * FROM `shop_stats` WHERE ( stats=1 and city_id=1 )  [ RunTime:0.0029s ]
INFO: [ app_end ] --START--
INFO: Run Behavior\ShowPageTraceBehavior [ RunTime:0.001856s ]
INFO: [ app_end ] --END-- [ RunTime:0.002022s ]

[ 2016-07-18T11:32:53+08:00 ] ::1 /SmileTP/Admin.php/Shop/showOpenShop/city_id/1
INFO: [ app_init ] --START--
INFO: Run Behavior\BuildLiteBehavior [ RunTime:0.000033s ]
INFO: [ app_init ] --END-- [ RunTime:0.001075s ]
INFO: [ app_begin ] --START--
INFO: Run Behavior\ReadHtmlCacheBehavior [ RunTime:0.003426s ]
INFO: [ app_begin ] --END-- [ RunTime:0.003643s ]
SQL: SHOW COLUMNS FROM `shop_stats` [ RunTime:0.0034s ]
SQL: SELECT * FROM `shop_stats` WHERE ( stats=1 and city_id=1 )  [ RunTime:0.0021s ]
INFO: [ app_end ] --START--
INFO: Run Behavior\ShowPageTraceBehavior [ RunTime:0.002562s ]
INFO: [ app_end ] --END-- [ RunTime:0.002742s ]

[ 2016-07-18T11:32:55+08:00 ] ::1 /SmileTP/Admin.php/Shop/showOpenShop/city_id/1
INFO: [ app_init ] --START--
INFO: Run Behavior\BuildLiteBehavior [ RunTime:0.000050s ]
INFO: [ app_init ] --END-- [ RunTime:0.002668s ]
INFO: [ app_begin ] --START--
INFO: Run Behavior\ReadHtmlCacheBehavior [ RunTime:0.001459s ]
INFO: [ app_begin ] --END-- [ RunTime:0.001599s ]
SQL: SHOW COLUMNS FROM `shop_stats` [ RunTime:0.0028s ]
SQL: SELECT * FROM `shop_stats` WHERE ( stats=1 and city_id=1 )  [ RunTime:0.0013s ]
INFO: [ app_end ] --START--
INFO: Run Behavior\ShowPageTraceBehavior [ RunTime:0.001691s ]
INFO: [ app_end ] --END-- [ RunTime:0.001811s ]

[ 2016-07-18T11:33:55+08:00 ] ::1 /SmileTP/Admin.php/Shop/showOpenShop/city_id/1
INFO: [ app_init ] --START--
INFO: Run Behavior\BuildLiteBehavior [ RunTime:0.000032s ]
INFO: [ app_init ] --END-- [ RunTime:0.001381s ]
INFO: [ app_begin ] --START--
INFO: Run Behavior\ReadHtmlCacheBehavior [ RunTime:0.002894s ]
INFO: [ app_begin ] --END-- [ RunTime:0.003147s ]
SQL: SHOW COLUMNS FROM `shop_stats` [ RunTime:0.0045s ]
SQL: SELECT * FROM `shop_stats` WHERE ( stats=1 and city_id=1 )  [ RunTime:0.0020s ]
INFO: [ app_end ] --START--
INFO: Run Behavior\ShowPageTraceBehavior [ RunTime:0.003214s ]
INFO: [ app_end ] --END-- [ RunTime:0.003398s ]

[ 2016-07-18T12:17:57+08:00 ] ::1 /SmileTP/Admin/Shop/showOpenShop/city_id/1
INFO: [ app_init ] --START--
INFO: Run Behavior\BuildLiteBehavior [ RunTime:0.000014s ]
INFO: [ app_init ] --END-- [ RunTime:0.005470s ]
INFO: [ app_begin ] --START--
INFO: Run Behavior\ReadHtmlCacheBehavior [ RunTime:0.001031s ]
INFO: [ app_begin ] --END-- [ RunTime:0.001092s ]
SQL: SHOW COLUMNS FROM `shop_stats` [ RunTime:0.0061s ]
SQL: SELECT * FROM `shop_stats` WHERE ( stats=1 and city_id=1 )  [ RunTime:0.0015s ]
INFO: [ app_end ] --START--
INFO: Run Behavior\ShowPageTraceBehavior [ RunTime:0.001699s ]
INFO: [ app_end ] --END-- [ RunTime:0.001762s ]

[ 2016-07-18T12:18:10+08:00 ] ::1 /SmileTP/Admin/Shop/showOpenShop/city_id/1
INFO: [ app_init ] --START--
INFO: Run Behavior\BuildLiteBehavior [ RunTime:0.000012s ]
INFO: [ app_init ] --END-- [ RunTime:0.000580s ]
INFO: [ app_begin ] --START--
INFO: Run Behavior\ReadHtmlCacheBehavior [ RunTime:0.000882s ]
INFO: [ app_begin ] --END-- [ RunTime:0.000949s ]
SQL: SHOW COLUMNS FROM `shop_stats` [ RunTime:0.0030s ]
SQL: SELECT * FROM `shop_stats` WHERE ( stats=1 and city_id=1 )  [ RunTime:0.0005s ]
INFO: [ app_end ] --START--
INFO: Run Behavior\ShowPageTraceBehavior [ RunTime:0.000945s ]
INFO: [ app_end ] --END-- [ RunTime:0.001025s ]

[ 2016-07-18T12:18:44+08:00 ] ::1 /SmileTP/Admin/User/queryCity/open_id/12345678
INFO: [ app_init ] --START--
INFO: Run Behavior\BuildLiteBehavior [ RunTime:0.000028s ]
INFO: [ app_init ] --END-- [ RunTime:0.000456s ]
INFO: [ app_begin ] --START--
INFO: Run Behavior\ReadHtmlCacheBehavior [ RunTime:0.000637s ]
INFO: [ app_begin ] --END-- [ RunTime:0.000710s ]
SQL: SHOW COLUMNS FROM `user_profile` [ RunTime:0.0026s ]
SQL: SELECT * FROM `user_profile` WHERE ( open_id=12345678 )  [ RunTime:0.0009s ]
INFO: [ app_end ] --START--
INFO: Run Behavior\ShowPageTraceBehavior [ RunTime:0.000647s ]
INFO: [ app_end ] --END-- [ RunTime:0.000701s ]

[ 2016-07-18T12:18:53+08:00 ] ::1 /SmileTP/Admin/User/queryCity/open_id/1234567
INFO: [ app_init ] --START--
INFO: Run Behavior\BuildLiteBehavior [ RunTime:0.000015s ]
INFO: [ app_init ] --END-- [ RunTime:0.000468s ]
INFO: [ app_begin ] --START--
INFO: Run Behavior\ReadHtmlCacheBehavior [ RunTime:0.000503s ]
INFO: [ app_begin ] --END-- [ RunTime:0.000547s ]
SQL: SHOW COLUMNS FROM `user_profile` [ RunTime:0.0015s ]
SQL: SELECT * FROM `user_profile` WHERE ( open_id=1234567 )  [ RunTime:0.0006s ]
NOTIC: [8] Undefined offset: 0 D:\wamp\www\SmileTP\Application\Admin\Controller\UserController.class.php 第 15 行.
NOTIC: [8] Undefined offset: 0 D:\wamp\www\SmileTP\Application\Admin\Controller\UserController.class.php 第 16 行.
INFO: [ app_end ] --START--
INFO: Run Behavior\ShowPageTraceBehavior [ RunTime:0.000663s ]
INFO: [ app_end ] --END-- [ RunTime:0.000720s ]

[ 2016-07-18T12:38:15+08:00 ] ::1 /SmileTP/Admin/City/checkOpen/city_name/%E5%8C%97%E4%BA%AC
INFO: [ app_init ] --START--
INFO: Run Behavior\BuildLiteBehavior [ RunTime:0.000014s ]
INFO: [ app_init ] --END-- [ RunTime:0.000832s ]
INFO: [ app_begin ] --START--
INFO: Run Behavior\ReadHtmlCacheBehavior [ RunTime:0.000763s ]
INFO: [ app_begin ] --END-- [ RunTime:0.000832s ]
SQL: SHOW COLUMNS FROM `city_stats` [ RunTime:0.0020s ]
ERR: 1054:Unknown column '北京' in 'where clause'
 [ SQL语句 ] : SELECT * FROM `city_stats` WHERE ( stats=1 and city_name=北京 ) 
ERR: 1054:Unknown column '北京' in 'where clause'
 [ SQL语句 ] : SELECT * FROM `city_stats` WHERE ( stats=1 and city_name=北京 ) 

[ 2016-07-18T12:38:27+08:00 ] ::1 /SmileTP/Admin/City/checkOpen/city_name/%E2%80%98%E5%8C%97%E4%BA%AC%E2%80%99
INFO: [ app_init ] --START--
INFO: Run Behavior\BuildLiteBehavior [ RunTime:0.000013s ]
INFO: [ app_init ] --END-- [ RunTime:0.000725s ]
INFO: [ app_begin ] --START--
INFO: Run Behavior\ReadHtmlCacheBehavior [ RunTime:0.000813s ]
INFO: [ app_begin ] --END-- [ RunTime:0.000870s ]
SQL: SHOW COLUMNS FROM `city_stats` [ RunTime:0.0020s ]
ERR: 1054:Unknown column '‘北京’' in 'where clause'
 [ SQL语句 ] : SELECT * FROM `city_stats` WHERE ( stats=1 and city_name=‘北京’ ) 
ERR: 1054:Unknown column '‘北京’' in 'where clause'
 [ SQL语句 ] : SELECT * FROM `city_stats` WHERE ( stats=1 and city_name=‘北京’ ) 

[ 2016-07-18T12:38:54+08:00 ] ::1 /SmileTP/Admin/City/checkOpen/city_name/%E5%8C%97%E4%BA%AC
INFO: [ app_init ] --START--
INFO: Run Behavior\BuildLiteBehavior [ RunTime:0.000014s ]
INFO: [ app_init ] --END-- [ RunTime:0.000475s ]
INFO: [ app_begin ] --START--
INFO: Run Behavior\ReadHtmlCacheBehavior [ RunTime:0.000575s ]
INFO: [ app_begin ] --END-- [ RunTime:0.000636s ]
SQL: SHOW COLUMNS FROM `city_stats` [ RunTime:0.0027s ]
ERR: 1054:Unknown column '北京' in 'where clause'
 [ SQL语句 ] : SELECT * FROM `city_stats` WHERE ( stats=1 and city_name=北京 ) 
ERR: 1054:Unknown column '北京' in 'where clause'
 [ SQL语句 ] : SELECT * FROM `city_stats` WHERE ( stats=1 and city_name=北京 ) 

[ 2016-07-18T14:07:21+08:00 ] ::1 /SmileTP/Admin/City/checkOpen/city_name/beijing
INFO: [ app_init ] --START--
INFO: Run Behavior\BuildLiteBehavior [ RunTime:0.000042s ]
INFO: [ app_init ] --END-- [ RunTime:0.002289s ]
INFO: [ app_begin ] --START--
INFO: Run Behavior\ReadHtmlCacheBehavior [ RunTime:0.002557s ]
INFO: [ app_begin ] --END-- [ RunTime:0.002722s ]
SQL: SHOW COLUMNS FROM `city_stats` [ RunTime:0.0035s ]
ERR: 1054:Unknown column 'beijing' in 'where clause'
 [ SQL语句 ] : SELECT * FROM `city_stats` WHERE ( stats=1 and city_name=beijing ) 
ERR: 1054:Unknown column 'beijing' in 'where clause'
 [ SQL语句 ] : SELECT * FROM `city_stats` WHERE ( stats=1 and city_name=beijing ) 

[ 2016-07-18T14:07:56+08:00 ] ::1 /SmileTP/Admin/City/checkOpen/city_name/'beijing'
INFO: [ app_init ] --START--
INFO: Run Behavior\BuildLiteBehavior [ RunTime:0.000053s ]
INFO: [ app_init ] --END-- [ RunTime:0.002468s ]
INFO: [ app_begin ] --START--
INFO: Run Behavior\ReadHtmlCacheBehavior [ RunTime:0.003687s ]
INFO: [ app_begin ] --END-- [ RunTime:0.003917s ]
SQL: SHOW COLUMNS FROM `city_stats` [ RunTime:0.0039s ]
SQL: SELECT * FROM `city_stats` WHERE ( stats=1 and city_name='beijing' )  [ RunTime:0.0017s ]
INFO: [ app_end ] --START--
INFO: Run Behavior\ShowPageTraceBehavior [ RunTime:0.002643s ]
INFO: [ app_end ] --END-- [ RunTime:0.002804s ]

[ 2016-07-18T14:08:08+08:00 ] ::1 /SmileTP/Admin/City/checkOpen/city_name/'%E5%8C%97%E4%BA%AC'
INFO: [ app_init ] --START--
INFO: Run Behavior\BuildLiteBehavior [ RunTime:0.000055s ]
INFO: [ app_init ] --END-- [ RunTime:0.009722s ]
INFO: [ app_begin ] --START--
INFO: Run Behavior\ReadHtmlCacheBehavior [ RunTime:0.003537s ]
INFO: [ app_begin ] --END-- [ RunTime:0.003757s ]
SQL: SHOW COLUMNS FROM `city_stats` [ RunTime:0.0051s ]
SQL: SELECT * FROM `city_stats` WHERE ( stats=1 and city_name='北京' )  [ RunTime:0.0017s ]
INFO: [ app_end ] --START--
INFO: Run Behavior\ShowPageTraceBehavior [ RunTime:0.003592s ]
INFO: [ app_end ] --END-- [ RunTime:0.003826s ]

[ 2016-07-18T14:08:58+08:00 ] ::1 /SmileTP/Admin/City/checkOpen/city_name/%E5%8C%97%E4%BA%AC
INFO: [ app_init ] --START--
INFO: Run Behavior\BuildLiteBehavior [ RunTime:0.000042s ]
INFO: [ app_init ] --END-- [ RunTime:0.001344s ]
INFO: [ app_begin ] --START--
INFO: Run Behavior\ReadHtmlCacheBehavior [ RunTime:0.001365s ]
INFO: [ app_begin ] --END-- [ RunTime:0.001503s ]
SQL: SHOW COLUMNS FROM `city_stats` [ RunTime:0.0045s ]
SQL: SELECT * FROM `city_stats` WHERE ( stats=1 and city_name="北京" )  [ RunTime:0.0016s ]
INFO: [ app_end ] --START--
INFO: Run Behavior\ShowPageTraceBehavior [ RunTime:0.001757s ]
INFO: [ app_end ] --END-- [ RunTime:0.001942s ]

[ 2016-07-18T14:12:13+08:00 ] ::1 /SmileTP/Admin/City/checkOpen/city_name/%E5%8C%97%E4%BA%AC
INFO: [ app_init ] --START--
INFO: Run Behavior\BuildLiteBehavior [ RunTime:0.000038s ]
INFO: [ app_init ] --END-- [ RunTime:0.001607s ]
INFO: [ app_begin ] --START--
INFO: Run Behavior\ReadHtmlCacheBehavior [ RunTime:0.003150s ]
INFO: [ app_begin ] --END-- [ RunTime:0.003376s ]
SQL: SHOW COLUMNS FROM `city_stats` [ RunTime:0.0029s ]
SQL: SELECT * FROM `city_stats` WHERE ( stats=1 and city_name="北京" )  [ RunTime:0.0023s ]
SQL: SHOW COLUMNS FROM `user_profile` [ RunTime:0.0032s ]
SQL: UPDATE `user_profile` SET `city_id`='1' WHERE ( id=1 ) [ RunTime:0.0033s ]
INFO: [ app_end ] --START--
INFO: Run Behavior\ShowPageTraceBehavior [ RunTime:0.003158s ]
INFO: [ app_end ] --END-- [ RunTime:0.003350s ]

[ 2016-07-18T14:12:18+08:00 ] ::1 /SmileTP/Admin/City/checkOpen/city_name/%E5%A4%A7%E8%BF%9E
INFO: [ app_init ] --START--
INFO: Run Behavior\BuildLiteBehavior [ RunTime:0.000034s ]
INFO: [ app_init ] --END-- [ RunTime:0.001500s ]
INFO: [ app_begin ] --START--
INFO: Run Behavior\ReadHtmlCacheBehavior [ RunTime:0.002212s ]
INFO: [ app_begin ] --END-- [ RunTime:0.002356s ]
SQL: SHOW COLUMNS FROM `city_stats` [ RunTime:0.0032s ]
SQL: SELECT * FROM `city_stats` WHERE ( stats=1 and city_name="大连" )  [ RunTime:0.0019s ]
NOTIC: [8] Undefined offset: 0 D:\wamp\www\SmileTP\Application\Admin\Controller\CityController.class.php 第 26 行.
INFO: [ app_end ] --START--
INFO: Run Behavior\ShowPageTraceBehavior [ RunTime:0.002239s ]
INFO: [ app_end ] --END-- [ RunTime:0.002358s ]

[ 2016-07-18T14:12:25+08:00 ] ::1 /SmileTP/Admin/City/checkOpen/city_name/%E5%A4%A9%E6%B4%A5
INFO: [ app_init ] --START--
INFO: Run Behavior\BuildLiteBehavior [ RunTime:0.000048s ]
INFO: [ app_init ] --END-- [ RunTime:0.001722s ]
INFO: [ app_begin ] --START--
INFO: Run Behavior\ReadHtmlCacheBehavior [ RunTime:0.002353s ]
INFO: [ app_begin ] --END-- [ RunTime:0.002575s ]
SQL: SHOW COLUMNS FROM `city_stats` [ RunTime:0.0031s ]
SQL: SELECT * FROM `city_stats` WHERE ( stats=1 and city_name="天津" )  [ RunTime:0.0017s ]
SQL: SHOW COLUMNS FROM `user_profile` [ RunTime:0.0030s ]
SQL: UPDATE `user_profile` SET `city_id`='2' WHERE ( id=1 ) [ RunTime:0.0021s ]
INFO: [ app_end ] --START--
INFO: Run Behavior\ShowPageTraceBehavior [ RunTime:0.001551s ]
INFO: [ app_end ] --END-- [ RunTime:0.001679s ]

[ 2016-07-18T14:12:41+08:00 ] ::1 /SmileTP/Admin/City/checkOpen/city_name/%E5%8C%97%E4%BA%AC
INFO: [ app_init ] --START--
INFO: Run Behavior\BuildLiteBehavior [ RunTime:0.000035s ]
INFO: [ app_init ] --END-- [ RunTime:0.001137s ]
INFO: [ app_begin ] --START--
INFO: Run Behavior\ReadHtmlCacheBehavior [ RunTime:0.002047s ]
INFO: [ app_begin ] --END-- [ RunTime:0.002223s ]
SQL: SHOW COLUMNS FROM `city_stats` [ RunTime:0.0041s ]
SQL: SELECT * FROM `city_stats` WHERE ( stats=1 and city_name="北京" )  [ RunTime:0.0020s ]
SQL: SHOW COLUMNS FROM `user_profile` [ RunTime:0.0021s ]
SQL: UPDATE `user_profile` SET `city_id`='1' WHERE ( id=1 ) [ RunTime:0.0010s ]
INFO: [ app_end ] --START--
INFO: Run Behavior\ShowPageTraceBehavior [ RunTime:0.001502s ]
INFO: [ app_end ] --END-- [ RunTime:0.001623s ]

[ 2016-07-18T14:12:52+08:00 ] ::1 /SmileTP/Admin/City/checkOpen/city_name/%E5%A4%A9%E6%B4%A5
INFO: [ app_init ] --START--
INFO: Run Behavior\BuildLiteBehavior [ RunTime:0.000041s ]
INFO: [ app_init ] --END-- [ RunTime:0.001246s ]
INFO: [ app_begin ] --START--
INFO: Run Behavior\ReadHtmlCacheBehavior [ RunTime:0.001491s ]
INFO: [ app_begin ] --END-- [ RunTime:0.001704s ]
SQL: SHOW COLUMNS FROM `city_stats` [ RunTime:0.0041s ]
SQL: SELECT * FROM `city_stats` WHERE ( stats=1 and city_name="天津" )  [ RunTime:0.0012s ]
SQL: SHOW COLUMNS FROM `user_profile` [ RunTime:0.0027s ]
SQL: UPDATE `user_profile` SET `city_id`='2' WHERE ( id=1 ) [ RunTime:0.0013s ]
INFO: [ app_end ] --START--
INFO: Run Behavior\ShowPageTraceBehavior [ RunTime:0.001816s ]
INFO: [ app_end ] --END-- [ RunTime:0.001955s ]

[ 2016-07-18T14:13:03+08:00 ] ::1 /SmileTP/Admin/City/checkOpen/city_name/%E5%8C%97%E4%BA%AC
INFO: [ app_init ] --START--
INFO: Run Behavior\BuildLiteBehavior [ RunTime:0.000032s ]
INFO: [ app_init ] --END-- [ RunTime:0.001296s ]
INFO: [ app_begin ] --START--
INFO: Run Behavior\ReadHtmlCacheBehavior [ RunTime:0.002158s ]
INFO: [ app_begin ] --END-- [ RunTime:0.002366s ]
SQL: SHOW COLUMNS FROM `city_stats` [ RunTime:0.0019s ]
SQL: SELECT * FROM `city_stats` WHERE ( stats=1 and city_name="北京" )  [ RunTime:0.0012s ]
SQL: SHOW COLUMNS FROM `user_profile` [ RunTime:0.0025s ]
SQL: UPDATE `user_profile` SET `city_id`='1' WHERE ( id=1 ) [ RunTime:0.0022s ]
INFO: [ app_end ] --START--
INFO: Run Behavior\ShowPageTraceBehavior [ RunTime:0.002295s ]
INFO: [ app_end ] --END-- [ RunTime:0.002523s ]

[ 2016-07-18T15:02:50+08:00 ] ::1 /SmileTP/Admin/Order/checkOrderStats
INFO: [ app_init ] --START--
INFO: Run Behavior\BuildLiteBehavior [ RunTime:0.000016s ]
INFO: [ app_init ] --END-- [ RunTime:0.005021s ]
INFO: [ app_begin ] --START--
INFO: Run Behavior\ReadHtmlCacheBehavior [ RunTime:0.001409s ]
INFO: [ app_begin ] --END-- [ RunTime:0.001477s ]
SQL: SHOW COLUMNS FROM `order_stats` [ RunTime:0.0032s ]
SQL: SELECT * FROM `order_stats` WHERE ( stats=1 and user_id=1 )  [ RunTime:0.0013s ]
INFO: [ app_end ] --START--
INFO: Run Behavior\ShowPageTraceBehavior [ RunTime:0.001298s ]
INFO: [ app_end ] --END-- [ RunTime:0.001374s ]

[ 2016-07-18T15:03:31+08:00 ] ::1 /SmileTP/Admin/Order/checkOrderStats
INFO: [ app_init ] --START--
INFO: Run Behavior\BuildLiteBehavior [ RunTime:0.000013s ]
INFO: [ app_init ] --END-- [ RunTime:0.000578s ]
INFO: [ app_begin ] --START--
INFO: Run Behavior\ReadHtmlCacheBehavior [ RunTime:0.000721s ]
INFO: [ app_begin ] --END-- [ RunTime:0.000770s ]
SQL: SHOW COLUMNS FROM `order_stats` [ RunTime:0.0033s ]
SQL: SELECT * FROM `order_stats` WHERE ( stats=2 and user_id=1 )  [ RunTime:0.0006s ]
INFO: [ app_end ] --START--
INFO: Run Behavior\ShowPageTraceBehavior [ RunTime:0.000858s ]
INFO: [ app_end ] --END-- [ RunTime:0.000907s ]

[ 2016-07-18T20:29:53+08:00 ] ::1 /SmileTP/Admin/recommend.php
INFO: [ app_init ] --START--
INFO: Run Behavior\BuildLiteBehavior [ RunTime:0.000036s ]
INFO: [ app_init ] --END-- [ RunTime:0.007060s ]
INFO: [ app_begin ] --START--
INFO: Run Behavior\ReadHtmlCacheBehavior [ RunTime:0.002823s ]
INFO: [ app_begin ] --END-- [ RunTime:0.003016s ]
ERR: 无法加载控制器:Recommend.php

[ 2016-07-18T20:30:25+08:00 ] ::1 /SmileTP/Admin/recommend.php
INFO: [ app_init ] --START--
INFO: Run Behavior\BuildLiteBehavior [ RunTime:0.000047s ]
INFO: [ app_init ] --END-- [ RunTime:0.002177s ]
INFO: [ app_begin ] --START--
INFO: Run Behavior\ReadHtmlCacheBehavior [ RunTime:0.003263s ]
INFO: [ app_begin ] --END-- [ RunTime:0.003483s ]
ERR: 无法加载控制器:Recommend.php

[ 2016-07-18T20:30:47+08:00 ] ::1 /SmileTP/Admin/recommend.php
INFO: [ app_init ] --START--
INFO: Run Behavior\BuildLiteBehavior [ RunTime:0.000036s ]
INFO: [ app_init ] --END-- [ RunTime:0.001902s ]
INFO: [ app_begin ] --START--
INFO: Run Behavior\ReadHtmlCacheBehavior [ RunTime:0.006545s ]
INFO: [ app_begin ] --END-- [ RunTime:0.006757s ]
ERR: 无法加载控制器:Recommend.php

[ 2016-07-18T20:30:49+08:00 ] ::1 /SmileTP/Admin/recommend.php
INFO: [ app_init ] --START--
INFO: Run Behavior\BuildLiteBehavior [ RunTime:0.000098s ]
INFO: [ app_init ] --END-- [ RunTime:0.001915s ]
INFO: [ app_begin ] --START--
INFO: Run Behavior\ReadHtmlCacheBehavior [ RunTime:0.001510s ]
INFO: [ app_begin ] --END-- [ RunTime:0.001742s ]
ERR: 无法加载控制器:Recommend.php

[ 2016-07-18T20:31:19+08:00 ] ::1 /SmileTP/Admin/recommend.php
INFO: [ app_init ] --START--
INFO: Run Behavior\BuildLiteBehavior [ RunTime:0.000055s ]
INFO: [ app_init ] --END-- [ RunTime:0.001949s ]
INFO: [ app_begin ] --START--
INFO: Run Behavior\ReadHtmlCacheBehavior [ RunTime:0.001401s ]
INFO: [ app_begin ] --END-- [ RunTime:0.001540s ]
ERR: 无法加载控制器:Recommend.php

[ 2016-07-18T20:31:52+08:00 ] ::1 /SmileTP/Admin/recommend
INFO: [ app_init ] --START--
INFO: Run Behavior\BuildLiteBehavior [ RunTime:0.000038s ]
INFO: [ app_init ] --END-- [ RunTime:0.001463s ]
INFO: [ app_begin ] --START--
INFO: Run Behavior\ReadHtmlCacheBehavior [ RunTime:0.002108s ]
INFO: [ app_begin ] --END-- [ RunTime:0.002329s ]
ERR: 无法加载控制器:Recommend

[ 2016-07-18T20:34:30+08:00 ] ::1 /SmileTP/Admin/recommend
INFO: [ app_init ] --START--
INFO: Run Behavior\BuildLiteBehavior [ RunTime:0.000049s ]
INFO: [ app_init ] --END-- [ RunTime:0.002147s ]
INFO: [ app_begin ] --START--
INFO: Run Behavior\ReadHtmlCacheBehavior [ RunTime:0.005006s ]
INFO: [ app_begin ] --END-- [ RunTime:0.005241s ]
ERR: 无法加载控制器:Recommend

[ 2016-07-18T20:35:35+08:00 ] ::1 /SmileTP/Admin/recommend/test
INFO: [ app_init ] --START--
INFO: Run Behavior\BuildLiteBehavior [ RunTime:0.000034s ]
INFO: [ app_init ] --END-- [ RunTime:0.001423s ]
INFO: [ app_begin ] --START--
INFO: Run Behavior\ReadHtmlCacheBehavior [ RunTime:0.003964s ]
INFO: [ app_begin ] --END-- [ RunTime:0.004126s ]
ERR: 无法加载控制器:Recommend

[ 2016-07-18T20:36:10+08:00 ] ::1 /SmileTP/Admin/recommend/test
INFO: [ app_init ] --START--
INFO: Run Behavior\BuildLiteBehavior [ RunTime:0.000033s ]
INFO: [ app_init ] --END-- [ RunTime:0.001171s ]
INFO: [ app_begin ] --START--
INFO: Run Behavior\ReadHtmlCacheBehavior [ RunTime:0.001618s ]
INFO: [ app_begin ] --END-- [ RunTime:0.001785s ]
ERR: 无法加载控制器:Recommend

[ 2016-07-18T20:36:41+08:00 ] ::1 /SmileTP/Admin/recommend/test
INFO: [ app_init ] --START--
INFO: Run Behavior\BuildLiteBehavior [ RunTime:0.000033s ]
INFO: [ app_init ] --END-- [ RunTime:0.001205s ]
INFO: [ app_begin ] --START--
INFO: Run Behavior\ReadHtmlCacheBehavior [ RunTime:0.001337s ]
INFO: [ app_begin ] --END-- [ RunTime:0.001474s ]
ERR: 无法加载控制器:Recommend

[ 2016-07-18T20:37:03+08:00 ] ::1 /SmileTP/Admin/Recommend/test
INFO: [ app_init ] --START--
INFO: Run Behavior\BuildLiteBehavior [ RunTime:0.000033s ]
INFO: [ app_init ] --END-- [ RunTime:0.001396s ]
INFO: [ app_begin ] --START--
INFO: Run Behavior\ReadHtmlCacheBehavior [ RunTime:0.005697s ]
INFO: [ app_begin ] --END-- [ RunTime:0.005885s ]
ERR: 无法加载控制器:Recommend

[ 2016-07-18T20:37:28+08:00 ] ::1 /SmileTP/Admin/Recommend/test
INFO: [ app_init ] --START--
INFO: Run Behavior\BuildLiteBehavior [ RunTime:0.000031s ]
INFO: [ app_init ] --END-- [ RunTime:0.001394s ]
INFO: [ app_begin ] --START--
INFO: Run Behavior\ReadHtmlCacheBehavior [ RunTime:0.002230s ]
INFO: [ app_begin ] --END-- [ RunTime:0.002375s ]
ERR: 无法加载控制器:Recommend

[ 2016-07-18T20:38:17+08:00 ] ::1 /SmileTP/Admin/City/checkOpen/city_name/%E5%A4%A7%E8%BF%9E
INFO: [ app_init ] --START--
INFO: Run Behavior\BuildLiteBehavior [ RunTime:0.000110s ]
INFO: [ app_init ] --END-- [ RunTime:0.002611s ]
INFO: [ app_begin ] --START--
INFO: Run Behavior\ReadHtmlCacheBehavior [ RunTime:0.001476s ]
INFO: [ app_begin ] --END-- [ RunTime:0.001625s ]
SQL: SHOW COLUMNS FROM `city_stats` [ RunTime:0.0715s ]
SQL: SELECT * FROM `city_stats` WHERE ( stats=1 and city_name="大连" )  [ RunTime:0.0078s ]
NOTIC: [8] Undefined offset: 0 D:\wamp\www\SmileTP\Application\Admin\Controller\CityController.class.php 第 26 行.
INFO: [ app_end ] --START--
INFO: Run Behavior\ShowPageTraceBehavior [ RunTime:0.002929s ]
INFO: [ app_end ] --END-- [ RunTime:0.003102s ]

[ 2016-07-18T20:40:04+08:00 ] ::1 /SmileTP/Admin/recommend.php
INFO: [ app_init ] --START--
INFO: Run Behavior\BuildLiteBehavior [ RunTime:0.000074s ]
INFO: [ app_init ] --END-- [ RunTime:0.002073s ]
INFO: [ app_begin ] --START--
INFO: Run Behavior\ReadHtmlCacheBehavior [ RunTime:0.002161s ]
INFO: [ app_begin ] --END-- [ RunTime:0.002299s ]
ERR: 无法加载控制器:Recommend.php

[ 2016-07-18T21:12:24+08:00 ] ::1 /SmileTP/Admin/Cron/recommend.php
INFO: [ app_init ] --START--
INFO: Run Behavior\BuildLiteBehavior [ RunTime:0.000012s ]
INFO: [ app_init ] --END-- [ RunTime:0.000472s ]
INFO: [ app_begin ] --START--
INFO: Run Behavior\ReadHtmlCacheBehavior [ RunTime:0.000688s ]
INFO: [ app_begin ] --END-- [ RunTime:0.000733s ]
ERR: 无法加载控制器:Cron

[ 2016-07-18T21:12:39+08:00 ] ::1 /SmileTP/Admin//recommend.php
INFO: [ app_init ] --START--
INFO: Run Behavior\BuildLiteBehavior [ RunTime:0.000013s ]
INFO: [ app_init ] --END-- [ RunTime:0.000470s ]
INFO: [ app_begin ] --START--
INFO: Run Behavior\ReadHtmlCacheBehavior [ RunTime:0.000748s ]
INFO: [ app_begin ] --END-- [ RunTime:0.000802s ]
ERR: 无法加载控制器:Recommend.php

[ 2016-07-18T21:12:44+08:00 ] ::1 /SmileTP/Admin//recommend.php/test
INFO: [ app_init ] --START--
INFO: Run Behavior\BuildLiteBehavior [ RunTime:0.000012s ]
INFO: [ app_init ] --END-- [ RunTime:0.000507s ]
INFO: [ app_begin ] --START--
INFO: Run Behavior\ReadHtmlCacheBehavior [ RunTime:0.000792s ]
INFO: [ app_begin ] --END-- [ RunTime:0.000842s ]
ERR: 无法加载控制器:Recommend.php

[ 2016-07-18T21:12:49+08:00 ] ::1 /SmileTP/Admin/recommend.php/test
INFO: [ app_init ] --START--
INFO: Run Behavior\BuildLiteBehavior [ RunTime:0.000012s ]
INFO: [ app_init ] --END-- [ RunTime:0.000339s ]
INFO: [ app_begin ] --START--
INFO: Run Behavior\ReadHtmlCacheBehavior [ RunTime:0.000398s ]
INFO: [ app_begin ] --END-- [ RunTime:0.000437s ]
ERR: 无法加载控制器:Recommend.php

[ 2016-07-18T21:12:57+08:00 ] ::1 /SmileTP/Admin/crom/recommend.php/test
INFO: [ app_init ] --START--
INFO: Run Behavior\BuildLiteBehavior [ RunTime:0.000013s ]
INFO: [ app_init ] --END-- [ RunTime:0.000395s ]
INFO: [ app_begin ] --START--
INFO: Run Behavior\ReadHtmlCacheBehavior [ RunTime:0.000481s ]
INFO: [ app_begin ] --END-- [ RunTime:0.000536s ]
ERR: 无法加载控制器:Crom

[ 2016-07-18T21:12:58+08:00 ] ::1 /SmileTP/Admin/recommend.php/test
INFO: [ app_init ] --START--
INFO: Run Behavior\BuildLiteBehavior [ RunTime:0.000018s ]
INFO: [ app_init ] --END-- [ RunTime:0.000621s ]
INFO: [ app_begin ] --START--
INFO: Run Behavior\ReadHtmlCacheBehavior [ RunTime:0.000668s ]
INFO: [ app_begin ] --END-- [ RunTime:0.000735s ]
ERR: 无法加载控制器:Recommend.php

[ 2016-07-18T21:13:05+08:00 ] ::1 /SmileTP/Admin/cron/recommend.php/test
INFO: [ app_init ] --START--
INFO: Run Behavior\BuildLiteBehavior [ RunTime:0.000011s ]
INFO: [ app_init ] --END-- [ RunTime:0.000326s ]
INFO: [ app_begin ] --START--
INFO: Run Behavior\ReadHtmlCacheBehavior [ RunTime:0.000474s ]
INFO: [ app_begin ] --END-- [ RunTime:0.000548s ]
ERR: 无法加载控制器:Cron

[ 2016-07-18T21:13:19+08:00 ] ::1 /SmileTP/Admin/cron/recommend.php/test
INFO: [ app_init ] --START--
INFO: Run Behavior\BuildLiteBehavior [ RunTime:0.000012s ]
INFO: [ app_init ] --END-- [ RunTime:0.000393s ]
INFO: [ app_begin ] --START--
INFO: Run Behavior\ReadHtmlCacheBehavior [ RunTime:0.000490s ]
INFO: [ app_begin ] --END-- [ RunTime:0.000539s ]
ERR: 无法加载控制器:Cron

[ 2016-07-18T21:16:12+08:00 ] ::1 /SmileTP/Admin/Order/checkOrderStats
INFO: [ app_init ] --START--
INFO: Run Behavior\BuildLiteBehavior [ RunTime:0.000013s ]
INFO: [ app_init ] --END-- [ RunTime:0.000545s ]
INFO: [ app_begin ] --START--
INFO: Run Behavior\ReadHtmlCacheBehavior [ RunTime:0.000744s ]
INFO: [ app_begin ] --END-- [ RunTime:0.000802s ]
SQL: SHOW COLUMNS FROM `order_stats` [ RunTime:0.0061s ]
SQL: SELECT * FROM `order_stats` WHERE ( stats=1 and user_id=1 )  [ RunTime:0.0041s ]
INFO: [ app_end ] --START--
INFO: Run Behavior\ShowPageTraceBehavior [ RunTime:0.001418s ]

[ 2016-07-18T21:16:51+08:00 ] ::1 /SmileTP/Admin/City/showOpenCity
INFO: [ app_init ] --START--
INFO: Run Behavior\BuildLiteBehavior [ RunTime:0.000016s ]
INFO: [ app_init ] --END-- [ RunTime:0.000827s ]
INFO: [ app_begin ] --START--
INFO: Run Behavior\ReadHtmlCacheBehavior [ RunTime:0.000649s ]
INFO: [ app_begin ] --END-- [ RunTime:0.000692s ]
SQL: SHOW COLUMNS FROM `city_stats` [ RunTime:0.0024s ]
SQL: SELECT * FROM `city_stats` WHERE ( stats=1 )  [ RunTime:0.0009s ]
INFO: [ app_end ] --START--
INFO: Run Behavior\ShowPageTraceBehavior [ RunTime:0.001454s ]

[ 2016-07-18T21:18:36+08:00 ] ::1 /SmileTP/Admin/City/showOpenCity
INFO: [ app_init ] --START--
INFO: Run Behavior\BuildLiteBehavior [ RunTime:0.000012s ]
INFO: [ app_init ] --END-- [ RunTime:0.000485s ]
INFO: [ app_begin ] --START--
INFO: Run Behavior\ReadHtmlCacheBehavior [ RunTime:0.000670s ]
INFO: [ app_begin ] --END-- [ RunTime:0.000732s ]
SQL: SHOW COLUMNS FROM `city_stats` [ RunTime:0.0035s ]
SQL: SELECT * FROM `city_stats` WHERE ( stats=1 )  [ RunTime:0.0008s ]
INFO: [ app_end ] --START--
INFO: Run Behavior\ShowPageTraceBehavior [ RunTime:0.000831s ]

[ 2016-07-18T21:18:57+08:00 ] ::1 /SmileTP/Admin/City/showOpenCity
INFO: [ app_init ] --START--
INFO: Run Behavior\BuildLiteBehavior [ RunTime:0.000031s ]
INFO: [ app_init ] --END-- [ RunTime:0.000861s ]
INFO: [ app_begin ] --START--
INFO: Run Behavior\ReadHtmlCacheBehavior [ RunTime:0.001160s ]
INFO: [ app_begin ] --END-- [ RunTime:0.001243s ]
SQL: SHOW COLUMNS FROM `city_stats` [ RunTime:0.0022s ]
SQL: SELECT * FROM `city_stats` WHERE ( stats=1 )  [ RunTime:0.0008s ]
INFO: [ app_end ] --START--
INFO: Run Behavior\ShowPageTraceBehavior [ RunTime:0.001217s ]

[ 2016-07-18T21:19:35+08:00 ] ::1 /SmileTP/Admin/City/showOpenCity
INFO: [ app_init ] --START--
INFO: Run Behavior\BuildLiteBehavior [ RunTime:0.000019s ]
INFO: [ app_init ] --END-- [ RunTime:0.000708s ]
INFO: [ app_begin ] --START--
INFO: Run Behavior\ReadHtmlCacheBehavior [ RunTime:0.001150s ]
INFO: [ app_begin ] --END-- [ RunTime:0.001228s ]
SQL: SHOW COLUMNS FROM `city_stats` [ RunTime:0.0023s ]
SQL: SELECT * FROM `city_stats` WHERE ( stats=1 )  [ RunTime:0.0006s ]
INFO: [ app_end ] --START--
INFO: Run Behavior\ShowPageTraceBehavior [ RunTime:0.001102s ]

[ 2016-07-18T21:19:51+08:00 ] ::1 /SmileTP/Admin/City/showOpenCity
INFO: [ app_init ] --START--
INFO: Run Behavior\BuildLiteBehavior [ RunTime:0.000010s ]
INFO: [ app_init ] --END-- [ RunTime:0.000370s ]
INFO: [ app_begin ] --START--
INFO: Run Behavior\ReadHtmlCacheBehavior [ RunTime:0.000810s ]
INFO: [ app_begin ] --END-- [ RunTime:0.000914s ]
SQL: SHOW COLUMNS FROM `city_stats` [ RunTime:0.0016s ]
SQL: SELECT * FROM `city_stats` WHERE ( stats=1 )  [ RunTime:0.0009s ]
INFO: [ app_end ] --START--
INFO: Run Behavior\ShowPageTraceBehavior [ RunTime:0.000713s ]

[ 2016-07-18T21:20:21+08:00 ] ::1 /SmileTP/Admin/City/showOpenCity
INFO: [ app_init ] --START--
INFO: Run Behavior\BuildLiteBehavior [ RunTime:0.000017s ]
INFO: [ app_init ] --END-- [ RunTime:0.000494s ]
INFO: [ app_begin ] --START--
INFO: Run Behavior\ReadHtmlCacheBehavior [ RunTime:0.000408s ]
INFO: [ app_begin ] --END-- [ RunTime:0.000453s ]
SQL: SHOW COLUMNS FROM `city_stats` [ RunTime:0.0021s ]
SQL: SELECT * FROM `city_stats` WHERE ( stats=1 )  [ RunTime:0.0009s ]
INFO: [ app_end ] --START--
INFO: Run Behavior\ShowPageTraceBehavior [ RunTime:0.000625s ]

[ 2016-07-18T21:20:23+08:00 ] ::1 /SmileTP/Admin/City/showOpenCity
INFO: [ app_init ] --START--
INFO: Run Behavior\BuildLiteBehavior [ RunTime:0.000010s ]
INFO: [ app_init ] --END-- [ RunTime:0.000354s ]
INFO: [ app_begin ] --START--
INFO: Run Behavior\ReadHtmlCacheBehavior [ RunTime:0.000418s ]
INFO: [ app_begin ] --END-- [ RunTime:0.000457s ]
SQL: SHOW COLUMNS FROM `city_stats` [ RunTime:0.0026s ]
SQL: SELECT * FROM `city_stats` WHERE ( stats=1 )  [ RunTime:0.0011s ]
INFO: [ app_end ] --START--
INFO: Run Behavior\ShowPageTraceBehavior [ RunTime:0.000622s ]

[ 2016-07-18T21:21:15+08:00 ] ::1 /SmileTP/Admin/City/showOpenCity
INFO: [ app_init ] --START--
INFO: Run Behavior\BuildLiteBehavior [ RunTime:0.000011s ]
INFO: [ app_init ] --END-- [ RunTime:0.000486s ]
INFO: [ app_begin ] --START--
INFO: Run Behavior\ReadHtmlCacheBehavior [ RunTime:0.000831s ]
INFO: [ app_begin ] --END-- [ RunTime:0.000908s ]
SQL: SHOW COLUMNS FROM `city_stats` [ RunTime:0.0021s ]
SQL: SELECT * FROM `city_stats` WHERE ( stats=1 )  [ RunTime:0.0007s ]
INFO: [ app_end ] --START--
INFO: Run Behavior\ShowPageTraceBehavior [ RunTime:0.000832s ]

[ 2016-07-18T21:21:59+08:00 ] ::1 /SmileTP/Admin/City/showOpenCity
INFO: [ app_init ] --START--
INFO: Run Behavior\BuildLiteBehavior [ RunTime:0.000013s ]
INFO: [ app_init ] --END-- [ RunTime:0.000547s ]
INFO: [ app_begin ] --START--
INFO: Run Behavior\ReadHtmlCacheBehavior [ RunTime:0.000885s ]
INFO: [ app_begin ] --END-- [ RunTime:0.000985s ]
SQL: SHOW COLUMNS FROM `city_stats` [ RunTime:0.0020s ]
SQL: SELECT * FROM `city_stats` WHERE ( stats=1 )  [ RunTime:0.0006s ]
INFO: [ app_end ] --START--
INFO: Run Behavior\ShowPageTraceBehavior [ RunTime:0.000864s ]

[ 2016-07-18T21:22:01+08:00 ] ::1 /SmileTP/Admin/City/showOpenCity
INFO: [ app_init ] --START--
INFO: Run Behavior\BuildLiteBehavior [ RunTime:0.000013s ]
INFO: [ app_init ] --END-- [ RunTime:0.000574s ]
INFO: [ app_begin ] --START--
INFO: Run Behavior\ReadHtmlCacheBehavior [ RunTime:0.000488s ]
INFO: [ app_begin ] --END-- [ RunTime:0.000543s ]
SQL: SHOW COLUMNS FROM `city_stats` [ RunTime:0.0074s ]
SQL: SELECT * FROM `city_stats` WHERE ( stats=1 )  [ RunTime:0.0004s ]
INFO: [ app_end ] --START--
INFO: Run Behavior\ShowPageTraceBehavior [ RunTime:0.000668s ]

[ 2016-07-18T21:22:03+08:00 ] ::1 /SmileTP/Admin/City/showOpenCity
INFO: [ app_init ] --START--
INFO: Run Behavior\BuildLiteBehavior [ RunTime:0.000011s ]
INFO: [ app_init ] --END-- [ RunTime:0.000342s ]
INFO: [ app_begin ] --START--
INFO: Run Behavior\ReadHtmlCacheBehavior [ RunTime:0.000433s ]
INFO: [ app_begin ] --END-- [ RunTime:0.000507s ]
SQL: SHOW COLUMNS FROM `city_stats` [ RunTime:0.0010s ]
SQL: SELECT * FROM `city_stats` WHERE ( stats=1 )  [ RunTime:0.0010s ]
INFO: [ app_end ] --START--
INFO: Run Behavior\ShowPageTraceBehavior [ RunTime:0.000575s ]

[ 2016-07-18T21:23:42+08:00 ] ::1 /SmileTP/Admin/City/showOpenCity
INFO: [ app_init ] --START--
INFO: Run Behavior\BuildLiteBehavior [ RunTime:0.000018s ]
INFO: [ app_init ] --END-- [ RunTime:0.000526s ]
INFO: [ app_begin ] --START--
INFO: Run Behavior\ReadHtmlCacheBehavior [ RunTime:0.000650s ]
INFO: [ app_begin ] --END-- [ RunTime:0.000721s ]
SQL: SHOW COLUMNS FROM `city_stats` [ RunTime:0.0013s ]
SQL: SELECT * FROM `city_stats` WHERE ( stats=1 )  [ RunTime:0.0007s ]
INFO: [ app_end ] --START--
INFO: Run Behavior\ShowPageTraceBehavior [ RunTime:0.001138s ]

[ 2016-07-18T21:24:16+08:00 ] ::1 /SmileTP/Admin/Order/checkOrderStats
INFO: [ app_init ] --START--
INFO: Run Behavior\BuildLiteBehavior [ RunTime:0.000012s ]
INFO: [ app_init ] --END-- [ RunTime:0.000504s ]
INFO: [ app_begin ] --START--
INFO: Run Behavior\ReadHtmlCacheBehavior [ RunTime:0.000725s ]
INFO: [ app_begin ] --END-- [ RunTime:0.000777s ]
SQL: SHOW COLUMNS FROM `order_stats` [ RunTime:0.0037s ]
SQL: SELECT * FROM `order_stats` WHERE ( stats=1 and user_id=1 )  [ RunTime:0.0006s ]
INFO: [ app_end ] --START--
INFO: Run Behavior\ShowPageTraceBehavior [ RunTime:0.000816s ]

[ 2016-07-18T21:24:37+08:00 ] ::1 /SmileTP/Admin/Order/checkOrderStats
INFO: [ app_init ] --START--
INFO: Run Behavior\BuildLiteBehavior [ RunTime:0.000024s ]
INFO: [ app_init ] --END-- [ RunTime:0.000449s ]
INFO: [ app_begin ] --START--
INFO: Run Behavior\ReadHtmlCacheBehavior [ RunTime:0.000862s ]
INFO: [ app_begin ] --END-- [ RunTime:0.000930s ]
SQL: SHOW COLUMNS FROM `order_stats` [ RunTime:0.0026s ]
SQL: SELECT * FROM `order_stats` WHERE ( stats=1 and user_id=1 )  [ RunTime:0.0008s ]
INFO: [ app_end ] --START--
INFO: Run Behavior\ShowPageTraceBehavior [ RunTime:0.000787s ]

[ 2016-07-18T21:24:39+08:00 ] ::1 /SmileTP/Admin/Order/checkOrderStats
INFO: [ app_init ] --START--
INFO: Run Behavior\BuildLiteBehavior [ RunTime:0.000015s ]
INFO: [ app_init ] --END-- [ RunTime:0.000453s ]
INFO: [ app_begin ] --START--
INFO: Run Behavior\ReadHtmlCacheBehavior [ RunTime:0.000514s ]
INFO: [ app_begin ] --END-- [ RunTime:0.000568s ]
SQL: SHOW COLUMNS FROM `order_stats` [ RunTime:0.0021s ]
SQL: SELECT * FROM `order_stats` WHERE ( stats=1 and user_id=1 )  [ RunTime:0.0007s ]
INFO: [ app_end ] --START--
INFO: Run Behavior\ShowPageTraceBehavior [ RunTime:0.000813s ]

[ 2016-07-18T21:24:47+08:00 ] ::1 /SmileTP/Admin/Order/checkOrderStats
INFO: [ app_init ] --START--
INFO: Run Behavior\BuildLiteBehavior [ RunTime:0.000021s ]
INFO: [ app_init ] --END-- [ RunTime:0.000677s ]
INFO: [ app_begin ] --START--
INFO: Run Behavior\ReadHtmlCacheBehavior [ RunTime:0.000513s ]
INFO: [ app_begin ] --END-- [ RunTime:0.000574s ]
SQL: SHOW COLUMNS FROM `order_stats` [ RunTime:0.0010s ]
SQL: SELECT * FROM `order_stats` WHERE ( stats=1 and user_id=1 )  [ RunTime:0.0007s ]
INFO: [ app_end ] --START--
INFO: Run Behavior\ShowPageTraceBehavior [ RunTime:0.000625s ]

[ 2016-07-18T21:25:11+08:00 ] ::1 /SmileTP/Admin/City/showOpenCity
INFO: [ app_init ] --START--
INFO: Run Behavior\BuildLiteBehavior [ RunTime:0.000014s ]
INFO: [ app_init ] --END-- [ RunTime:0.000463s ]
INFO: [ app_begin ] --START--
INFO: Run Behavior\ReadHtmlCacheBehavior [ RunTime:0.000507s ]
INFO: [ app_begin ] --END-- [ RunTime:0.000570s ]
SQL: SHOW COLUMNS FROM `city_stats` [ RunTime:0.0010s ]
SQL: SELECT * FROM `city_stats` WHERE ( stats=1 )  [ RunTime:0.0005s ]
INFO: [ app_end ] --START--
INFO: Run Behavior\ShowPageTraceBehavior [ RunTime:0.000619s ]

[ 2016-07-18T21:25:14+08:00 ] ::1 /SmileTP/Admin/City/showOpenCity
INFO: [ app_init ] --START--
INFO: Run Behavior\BuildLiteBehavior [ RunTime:0.000021s ]
INFO: [ app_init ] --END-- [ RunTime:0.000764s ]
INFO: [ app_begin ] --START--
INFO: Run Behavior\ReadHtmlCacheBehavior [ RunTime:0.000449s ]
INFO: [ app_begin ] --END-- [ RunTime:0.000520s ]
SQL: SHOW COLUMNS FROM `city_stats` [ RunTime:0.0007s ]
SQL: SELECT * FROM `city_stats` WHERE ( stats=1 )  [ RunTime:0.0004s ]
INFO: [ app_end ] --START--
INFO: Run Behavior\ShowPageTraceBehavior [ RunTime:0.000523s ]

[ 2016-07-18T21:28:54+08:00 ] ::1 /SmileTP/Admin/City/showOpenCity
INFO: [ app_init ] --START--
INFO: Run Behavior\BuildLiteBehavior [ RunTime:0.000012s ]
INFO: [ app_init ] --END-- [ RunTime:0.000582s ]
INFO: [ app_begin ] --START--
INFO: Run Behavior\ReadHtmlCacheBehavior [ RunTime:0.000745s ]
INFO: [ app_begin ] --END-- [ RunTime:0.000801s ]
SQL: SHOW COLUMNS FROM `city_stats` [ RunTime:0.0009s ]
SQL: SELECT * FROM `city_stats` WHERE ( stats=1 )  [ RunTime:0.0004s ]
INFO: [ app_end ] --START--
INFO: Run Behavior\ShowPageTraceBehavior [ RunTime:0.001053s ]

[ 2016-07-18T21:29:55+08:00 ] ::1 /SmileTP/Admin/City/showOpenCity
INFO: [ app_init ] --START--
INFO: Run Behavior\BuildLiteBehavior [ RunTime:0.000079s ]
INFO: [ app_init ] --END-- [ RunTime:0.001016s ]
INFO: [ app_begin ] --START--
INFO: Run Behavior\ReadHtmlCacheBehavior [ RunTime:0.000713s ]
INFO: [ app_begin ] --END-- [ RunTime:0.000766s ]
SQL: SHOW COLUMNS FROM `city_stats` [ RunTime:0.0008s ]
SQL: SELECT * FROM `city_stats` WHERE ( stats=1 )  [ RunTime:0.0004s ]
INFO: [ app_end ] --START--
INFO: Run Behavior\ShowPageTraceBehavior [ RunTime:0.000883s ]

[ 2016-07-18T21:30:28+08:00 ] ::1 /SmileTP/Admin/City/showOpenCity
INFO: [ app_init ] --START--
INFO: Run Behavior\BuildLiteBehavior [ RunTime:0.000014s ]
INFO: [ app_init ] --END-- [ RunTime:0.000428s ]
INFO: [ app_begin ] --START--
INFO: Run Behavior\ReadHtmlCacheBehavior [ RunTime:0.000483s ]
INFO: [ app_begin ] --END-- [ RunTime:0.000532s ]
SQL: SHOW COLUMNS FROM `city_stats` [ RunTime:0.0009s ]
SQL: SELECT * FROM `city_stats` WHERE ( stats=1 )  [ RunTime:0.0005s ]
INFO: [ app_end ] --START--
INFO: Run Behavior\ShowPageTraceBehavior [ RunTime:0.000630s ]

[ 2016-07-18T21:35:09+08:00 ] ::1 /SmileTP/Admin/City/showOpenCity
INFO: [ app_init ] --START--
INFO: Run Behavior\BuildLiteBehavior [ RunTime:0.000015s ]
INFO: [ app_init ] --END-- [ RunTime:0.000523s ]
INFO: [ app_begin ] --START--
INFO: Run Behavior\ReadHtmlCacheBehavior [ RunTime:0.000734s ]
INFO: [ app_begin ] --END-- [ RunTime:0.000784s ]
SQL: SHOW COLUMNS FROM `city_stats` [ RunTime:0.0017s ]
SQL: SELECT * FROM `city_stats` WHERE ( stats=1 )  [ RunTime:0.0005s ]
INFO: [ app_end ] --START--
INFO: Run Behavior\ShowPageTraceBehavior [ RunTime:0.000842s ]

[ 2016-07-18T21:38:59+08:00 ] ::1 /SmileTP/Admin/City/showOpenCity
INFO: [ app_init ] --START--
INFO: Run Behavior\BuildLiteBehavior [ RunTime:0.000134s ]
INFO: [ app_init ] --END-- [ RunTime:0.004446s ]
INFO: [ app_begin ] --START--
INFO: Run Behavior\ReadHtmlCacheBehavior [ RunTime:0.005975s ]
INFO: [ app_begin ] --END-- [ RunTime:0.006219s ]
SQL: SHOW COLUMNS FROM `city_stats` [ RunTime:0.0030s ]
SQL: SELECT * FROM `city_stats` WHERE ( stats=1 )  [ RunTime:0.0014s ]
INFO: [ app_end ] --START--
INFO: Run Behavior\ShowPageTraceBehavior [ RunTime:0.002668s ]
INFO: Run Behavior\CronRunBehavior [ RunTime:0.009150s ]
INFO: [ app_end ] --END-- [ RunTime:0.012067s ]

[ 2016-07-18T21:39:07+08:00 ] ::1 /SmileTP/Admin/City/showOpenCity
INFO: [ app_init ] --START--
INFO: Run Behavior\BuildLiteBehavior [ RunTime:0.000036s ]
INFO: [ app_init ] --END-- [ RunTime:0.002357s ]
INFO: [ app_begin ] --START--
INFO: Run Behavior\ReadHtmlCacheBehavior [ RunTime:0.003037s ]
INFO: [ app_begin ] --END-- [ RunTime:0.003244s ]
SQL: SHOW COLUMNS FROM `city_stats` [ RunTime:0.0026s ]
SQL: SELECT * FROM `city_stats` WHERE ( stats=1 )  [ RunTime:0.0019s ]
INFO: [ app_end ] --START--
INFO: Run Behavior\ShowPageTraceBehavior [ RunTime:0.002354s ]
INFO: Run Behavior\CronRunBehavior [ RunTime:0.007261s ]
INFO: [ app_end ] --END-- [ RunTime:0.009862s ]

[ 2016-07-18T21:39:21+08:00 ] ::1 /SmileTP/Admin/City/showOpenCity
INFO: [ app_init ] --START--
INFO: Run Behavior\BuildLiteBehavior [ RunTime:0.000037s ]
INFO: [ app_init ] --END-- [ RunTime:0.001597s ]
INFO: [ app_begin ] --START--
INFO: Run Behavior\ReadHtmlCacheBehavior [ RunTime:0.002335s ]
INFO: [ app_begin ] --END-- [ RunTime:0.002485s ]
SQL: SHOW COLUMNS FROM `city_stats` [ RunTime:0.0025s ]
SQL: SELECT * FROM `city_stats` WHERE ( stats=1 )  [ RunTime:0.0012s ]
INFO: [ app_end ] --START--
INFO: Run Behavior\ShowPageTraceBehavior [ RunTime:0.002625s ]
INFO: Run Behavior\CronRunBehavior [ RunTime:0.006369s ]
INFO: [ app_end ] --END-- [ RunTime:0.009304s ]

[ 2016-07-18T21:41:14+08:00 ] ::1 /SmileTP/Admin/City/showOpenCity
INFO: [ app_init ] --START--
INFO: Run Behavior\BuildLiteBehavior [ RunTime:0.000039s ]
INFO: [ app_init ] --END-- [ RunTime:0.001940s ]
INFO: [ app_begin ] --START--
INFO: Run Behavior\ReadHtmlCacheBehavior [ RunTime:0.003436s ]
INFO: [ app_begin ] --END-- [ RunTime:0.003666s ]
SQL: SHOW COLUMNS FROM `city_stats` [ RunTime:0.0029s ]
SQL: SELECT * FROM `city_stats` WHERE ( stats=1 )  [ RunTime:0.0016s ]
INFO: [ app_end ] --START--
INFO: Run Behavior\ShowPageTraceBehavior [ RunTime:0.003683s ]
INFO: Run Behavior\CronRunBehavior [ RunTime:0.010876s ]
INFO: [ app_end ] --END-- [ RunTime:0.015062s ]

[ 2016-07-18T21:42:02+08:00 ] ::1 /SmileTP/Admin/City/showOpenCity
INFO: [ app_init ] --START--
INFO: Run Behavior\BuildLiteBehavior [ RunTime:0.000051s ]
INFO: [ app_init ] --END-- [ RunTime:0.002984s ]
INFO: [ app_begin ] --START--
INFO: Run Behavior\ReadHtmlCacheBehavior [ RunTime:0.005123s ]
INFO: [ app_begin ] --END-- [ RunTime:0.005331s ]
SQL: SHOW COLUMNS FROM `city_stats` [ RunTime:0.0043s ]
SQL: SELECT * FROM `city_stats` WHERE ( stats=1 )  [ RunTime:0.0014s ]
INFO: [ app_end ] --START--
INFO: Run Behavior\ShowPageTraceBehavior [ RunTime:0.004441s ]
INFO: Run Behavior\CronRunBehavior [ RunTime:0.007986s ]
INFO: [ app_end ] --END-- [ RunTime:0.012759s ]

[ 2016-07-18T21:47:23+08:00 ] ::1 /SmileTP/Admin/City/showOpenCity
INFO: [ app_init ] --START--
INFO: Run Behavior\BuildLiteBehavior [ RunTime:0.000033s ]
INFO: [ app_init ] --END-- [ RunTime:0.001444s ]
INFO: [ app_begin ] --START--
INFO: Run Behavior\ReadHtmlCacheBehavior [ RunTime:0.004747s ]
INFO: [ app_begin ] --END-- [ RunTime:0.004991s ]
SQL: SHOW COLUMNS FROM `city_stats` [ RunTime:0.0036s ]
SQL: SELECT * FROM `city_stats` WHERE ( stats=1 )  [ RunTime:0.0016s ]
INFO: [ app_end ] --START--
INFO: Run Behavior\ShowPageTraceBehavior [ RunTime:0.002430s ]
INFO: Run Behavior\CronRunBehavior [ RunTime:0.005951s ]
INFO: [ app_end ] --END-- [ RunTime:0.008631s ]

[ 2016-07-18T21:48:57+08:00 ] ::1 /SmileTP/Admin/recommend
INFO: [ app_init ] --START--
INFO: Run Behavior\BuildLiteBehavior [ RunTime:0.000036s ]
INFO: [ app_init ] --END-- [ RunTime:0.001716s ]
INFO: [ app_begin ] --START--
INFO: Run Behavior\ReadHtmlCacheBehavior [ RunTime:0.004052s ]
INFO: [ app_begin ] --END-- [ RunTime:0.004250s ]
ERR: 无法加载控制器:Recommend

[ 2016-07-18T21:49:03+08:00 ] ::1 /SmileTP/Admin/City/showOpenCity
INFO: [ app_init ] --START--
INFO: Run Behavior\BuildLiteBehavior [ RunTime:0.000033s ]
INFO: [ app_init ] --END-- [ RunTime:0.001421s ]
INFO: [ app_begin ] --START--
INFO: Run Behavior\ReadHtmlCacheBehavior [ RunTime:0.003137s ]
INFO: [ app_begin ] --END-- [ RunTime:0.003310s ]
SQL: SHOW COLUMNS FROM `city_stats` [ RunTime:0.0042s ]
SQL: SELECT * FROM `city_stats` WHERE ( stats=1 )  [ RunTime:0.0017s ]
INFO: [ app_end ] --START--
INFO: Run Behavior\ShowPageTraceBehavior [ RunTime:0.002375s ]
INFO: Run Behavior\CronRunBehavior [ RunTime:0.006840s ]
INFO: [ app_end ] --END-- [ RunTime:0.009526s ]

[ 2016-07-18T21:53:22+08:00 ] ::1 /SmileTP/Admin/City/showOpenCity
INFO: [ app_init ] --START--
INFO: Run Behavior\BuildLiteBehavior [ RunTime:0.000057s ]
INFO: [ app_init ] --END-- [ RunTime:0.005644s ]
INFO: [ app_begin ] --START--
INFO: Run Behavior\ReadHtmlCacheBehavior [ RunTime:0.003175s ]
INFO: [ app_begin ] --END-- [ RunTime:0.003394s ]
SQL: SHOW COLUMNS FROM `city_stats` [ RunTime:0.0047s ]
SQL: SELECT * FROM `city_stats` WHERE ( stats=1 )  [ RunTime:0.0019s ]
INFO: [ app_end ] --START--
INFO: Run Behavior\ShowPageTraceBehavior [ RunTime:0.004622s ]
INFO: Run Behavior\CronRunBehavior [ RunTime:0.012010s ]
INFO: [ app_end ] --END-- [ RunTime:0.017243s ]

[ 2016-07-18T21:53:48+08:00 ] ::1 /SmileTP/Admin/City/showOpenCity
INFO: [ app_init ] --START--
INFO: Run Behavior\BuildLiteBehavior [ RunTime:0.000035s ]
INFO: [ app_init ] --END-- [ RunTime:0.001465s ]
INFO: [ app_begin ] --START--
INFO: Run Behavior\ReadHtmlCacheBehavior [ RunTime:0.003201s ]
INFO: [ app_begin ] --END-- [ RunTime:0.003403s ]
SQL: SHOW COLUMNS FROM `city_stats` [ RunTime:0.0022s ]
SQL: SELECT * FROM `city_stats` WHERE ( stats=1 )  [ RunTime:0.0011s ]
INFO: [ app_end ] --START--
INFO: Run Behavior\ShowPageTraceBehavior [ RunTime:0.002219s ]
INFO: Run Behavior\CronRunBehavior [ RunTime:0.009453s ]
INFO: [ app_end ] --END-- [ RunTime:0.011957s ]

[ 2016-07-18T22:00:28+08:00 ] ::1 /SmileTP/Admin/City/showOpenCity
INFO: [ app_init ] --START--
INFO: Run Behavior\BuildLiteBehavior [ RunTime:0.000055s ]
INFO: [ app_init ] --END-- [ RunTime:0.005765s ]
INFO: [ app_begin ] --START--
INFO: Run Behavior\ReadHtmlCacheBehavior [ RunTime:0.002195s ]
INFO: [ app_begin ] --END-- [ RunTime:0.002354s ]
SQL: SHOW COLUMNS FROM `city_stats` [ RunTime:0.0032s ]
SQL: SELECT * FROM `city_stats` WHERE ( stats=1 )  [ RunTime:0.0011s ]
INFO: [ app_end ] --START--
INFO: Run Behavior\ShowPageTraceBehavior [ RunTime:0.002283s ]
INFO: Run Behavior\CronRunBehavior [ RunTime:0.006256s ]
INFO: [ app_end ] --END-- [ RunTime:0.008773s ]

[ 2016-07-18T22:01:31+08:00 ] ::1 /SmileTP/Admin/City/showOpenCity
INFO: [ app_init ] --START--
INFO: Run Behavior\BuildLiteBehavior [ RunTime:0.000052s ]
INFO: [ app_init ] --END-- [ RunTime:0.002230s ]
INFO: [ app_begin ] --START--
INFO: Run Behavior\ReadHtmlCacheBehavior [ RunTime:0.004723s ]
INFO: [ app_begin ] --END-- [ RunTime:0.004915s ]
SQL: SHOW COLUMNS FROM `city_stats` [ RunTime:0.0032s ]
SQL: SELECT * FROM `city_stats` WHERE ( stats=1 )  [ RunTime:0.0014s ]
INFO: [ app_end ] --START--
INFO: Run Behavior\ShowPageTraceBehavior [ RunTime:0.003375s ]
INFO: Run Behavior\CronRunBehavior [ RunTime:0.009342s ]
INFO: [ app_end ] --END-- [ RunTime:0.013125s ]

